Python version: 3.7.1 (default, Dec 14 2018, 19:28:38) 
[GCC 7.3.0]
PyTorch version: 1.0.0
CUDA version 9.0.176
Conda env: 
[2019-04-17 15:05:13.408] [|py|rlpytorch.model_loader.load_env1  ] [info] Loading env
[2019-04-17 15:05:13.412] [|py|rlpytorch.model_loader.load_env1  ] [info] Module game successfully loaded : elfgames.checkers.game
[2019-04-17 15:05:13.413] [|py|rlpytorch.model_loader.load_env1  ] [info] Module model_file successfully loaded : elfgames.checkers.df_model_checkers
Stats: Name  is not known!
name :  trainer
actor_name :  actor
[2019-04-17 15:05:13.418] [|py|rlpytorch.model_loader.load_env1  ] [info] Parsed options:
{'T': 1,
 'actor_only': False,
 'adam_eps': 0.001,
 'additional_labels': [],
 'backprop': True,
 'batchsize': 128,
 'batchsize2': -1,
 'black_use_policy_network_only': False,
 'bn': True,
 'bn_eps': 1e-05,
 'bn_momentum': 0.0,
 'cheat_eval_new_model_wins_half': False,
 'cheat_selfplay_random_result': False,
 'check_loaded_options': True,
 'checkers_num_future_actions': 1,
 'client_max_delay_sec': 1200,
 'dim': 128,
 'dist_rank': -1,
 'dist_url': '',
 'dist_world_size': -1,
 'dump_record_prefix': '',
 'epsilon': 0.0,
 'eval_model_pair': '',
 'eval_num_games': 200,
 'eval_old_model': -1,
 'eval_winrate_thres': 0.55,
 'expected_num_clients': -1,
 'freq_update': 1,
 'gpu': 0,
 'human_plays_for_black': False,
 'keep_prev_selfplay': True,
 'keys_in_reply': ['checkers_V'],
 'latest_symlink': 'latest',
 'leaky_relu': False,
 'list_files': [],
 'load': '',
 'load_model_sleep_interval': 0.0,
 'loglevel': 'info',
 'lr': 0.01,
 'mcts_alpha': 0.03,
 'mcts_epsilon': 0.25,
 'mcts_persistent_tree': True,
 'mcts_pick_method': 'most_visited',
 'mcts_puct': 1.5,
 'mcts_rollout_per_batch': 1,
 'mcts_rollout_per_thread': 100,
 'mcts_root_unexplored_q_zero': False,
 'mcts_threads': 8,
 'mcts_unexplored_q_zero': False,
 'mcts_use_prior': True,
 'mcts_verbose': False,
 'mcts_verbose_time': False,
 'mcts_virtual_loss': 1,
 'mode': 'train',
 'momentum': 0.9,
 'num_block': 10,
 'num_cooldown': 128,
 'num_episode': 100000,
 'num_games': 8,
 'num_games_per_thread': -1,
 'num_minibatch': 1024,
 'num_reader': 50,
 'num_reset_ranking': 5000,
 'omit_keys': [],
 'onload': [],
 'opt_method': 'sgd',
 'parameter_print': True,
 'parsed_args': ['./py/train.py',
                 '--server_id',
                 'myserver',
                 '--port',
                 '1234',
                 '--gpu',
                 '0',
                 '--mode',
                 'train',
                 '--num_games',
                 '8',
                 '--keys_in_reply',
                 'checkers_V',
                 '--T',
                 '1',
                 '--dim',
                 '128',
                 '--num_block',
                 '10',
                 '--batchsize',
                 '128',
                 '--num_minibatch',
                 '1024',
                 '--num_cooldown=128',
                 '--bn_momentum=0',
                 '--momentum',
                 '0.9',
                 '--weight_decay',
                 '0.0002',
                 '--opt_method',
                 'sgd',
                 '--lr',
                 '0.01',
                 '--use_mcts',
                 '--use_mcts_ai2',
                 '--mcts_epsilon',
                 '0.25',
                 '--mcts_alpha',
                 '0.03',
                 '--mcts_puct',
                 '1.5',
                 '--mcts_use_prior',
                 '--mcts_threads',
                 '8',
                 '--mcts_rollout_per_thread',
                 '100',
                 '--mcts_virtual_loss',
                 '1',
                 '--mcts_persistent_tree',
                 '--save_first',
                 '--use_data_parallel',
                 '--num_episode',
                 '100000',
                 '--keep_prev_selfplay',
                 '--selfplay_async',
                 '--q_min_size',
                 '200',
                 '--q_max_size',
                 '2000',
                 '--num_reader',
                 '50',
                 '--selfplay_init_num',
                 '1000',
                 '--selfplay_update_num',
                 '1000',
                 '--eval_winrate_thres',
                 '0.55',
                 '--eval_num_games',
                 '200',
                 '--verbose'],
 'policy_distri_cutoff': 0,
 'policy_distri_training_for_all': False,
 'port': 1234,
 'q_max_size': 2000,
 'q_min_size': 200,
 'record_dir': './record',
 'replace_prefix': [],
 'sample_nodes': ['pi,a'],
 'sample_policy': 'epsilon-greedy',
 'save_dir': './models',
 'save_first': True,
 'save_prefix': 'save',
 'selfplay_async': True,
 'selfplay_init_num': 1000,
 'selfplay_timeout_usec': 0,
 'selfplay_update_num': 1000,
 'server_addr': '',
 'server_id': 'myserver',
 'store_greedy': False,
 'suicide_after_n_games': -1,
 'tqdm': False,
 'trainer_stats': '',
 'use_data_parallel': True,
 'use_data_parallel_distributed': False,
 'use_fp16': False,
 'use_mcts': True,
 'use_mcts_ai2': True,
 'verbose': True,
 'weight_decay': 0.0002,
 'white_mcts_rollout_per_batch': -1,
 'white_mcts_rollout_per_thread': -1,
 'white_puct': -1.0,
 'white_use_policy_network_only': False}
[2019-04-17 15:05:13.418] [|py|rlpytorch.model_loader.load_env1  ] [info] Finished loading env
[2019-04-17 15:05:13.418] [elf::legacy::ContextOptions-0  ] [info] JobId: local
[2019-04-17 15:05:13.418] [elf::legacy::ContextOptions-0  ] [info] #Game: 8
[2019-04-17 15:05:13.418] [elf::legacy::ContextOptions-0  ] [info] T: 1
[2019-04-17 15:05:13.418] [elf::legacy::ContextOptions-0  ] [info] [num_th=8][rl_th=100][rl_b=1][per=True][eps=0.25][alpha=0.03][verbose=False] [prior=1][c_puct=1.5][uqz=0][r_uqz=0]
[2019-04-17 15:05:13.418] [|++|DistriServer-10 ] [info] Initialize trainCtrl_(TrainCtrl)
[2019-04-17 15:05:13.418] [|++|TrainCtrl-11 ] [info] Finished initializing replay_buffer(ReplayBuffer). info :
#Queue: 50, spec: ReaderQueue: Queue [min=200][max=2000], Length: 0, 0, 0, 0, 0, 0, 0, 0, 0, 0, 0, 0, 0, 0, 0, 0, 0, 0, 0, 0, 0, 0, 0, 0, 0, 0, 0, 0, 0, 0, 0, 0, 0, 0, 0, 0, 0, 0, 0, 0, 0, 0, 0, 0, 0, 0, 0, 0, 0, 0, Total: 0, MinSizeSatisfied: 0
[2019-04-17 15:05:13.418] [|++|TrainCtrl-11 ] [info] Finished initializing threaded_ctrl_(ThreadedCtrl)
[2019-04-17 15:05:13.418] [|++|TrainCtrl-11 ] [info] Finished initializing client_mgr_(ClientManager). info:
Total			clients[0==100%]
SelfplayOnly		clients[0/-nan%]
EvalThenSelfplay	clients[0/-nan%]
[#expected_clients=-1][selfplay_only_ratio=0%][#max_eval_clients=-1][#max_threads=8][#client_delay=1200]
[2019-04-17 15:05:13.418] [|++|DistriServer-10 ] [info] Initialize onlineLoader_(DataOnlineLoader)
[2019-04-17 15:05:13.418] [|++|DataOnlineLoader-17 ] [info] ZMQVer: 4.2.5 Reader[db=data-1555513513.db] [local] Connect to [127.0.0.1]:1234, ipv6: True, verbose: True
[2019-04-17 15:05:13.418] [|++|DistriServer-10 ] [info] DistriServer successfully created

[2019-04-17 15:05:13.419] [|++|ServerGameTrain-0-23 ] [info] Was succefully created
[2019-04-17 15:05:13.419] [|++|ServerGameTrain-1-89 ] [info] Was succefully created
[2019-04-17 15:05:13.419] [|++|ServerGameTrain-2-155] [info] Was succefully created
[2019-04-17 15:05:13.419] [|++|ServerGameTrain-3-221] [info] Was succefully created
[2019-04-17 15:05:13.419] [|++|ServerGameTrain-4-287] [info] Was succefully created
[2019-04-17 15:05:13.420] [|++|ServerGameTrain-5-353] [info] Was succefully created
[2019-04-17 15:05:13.420] [|++|ServerGameTrain-6-419] [info] Was succefully created
[2019-04-17 15:05:13.420] [|++|ServerGameTrain-7-485] [info] Was succefully created
[2019-04-17 15:05:13.420] [|++|GameContext-1  ] [info] 8 ServerGameTrain was created
************ CheckersGameOptions ************
                        Seed: 0
              Time signature: 190417-150513
     Client max delay in sec: 1200
          Num future actions: 1
            Games per thread: -1
                        mode: train
          Keep prev Selfplay: 1
              Init min games: 1000
                Update games: 1000
              Eval num games: 200
              Eval Threshold: 0.55
            Eval num Threads: 1
                       Async: True
                     UseMCTS: True
                 UseMCTS AI2: True
   Black policy network only: False
   White policy network only: False
          PolicyDistriCutOff: 0

              Server options: [127.0.0.1][server_id=myserver][port=1234]
                  Num Reader: 50
                  Q_min_size: 200
                  Q_max_size: 2000
                     Verbose: True
Policy distri training for all moves: False
    Reset move ranking after: 5000 actions
     Client max delay in sec: 1200

*********************************************
Version:  b7ea2663866a1db6ad48a7d286123284ed7fcc0b_unstaged
*********************************************
Mode:  train
checkers_num_action:  418
SharedMem =>                train: {'input': ['checkers_s', 'checkers_offline_a', 'checkers_winner', 'checkers_mcts_scores', 'checkers_move_idx', 'checkers_selfplay_ver'], 'reply': None}
SharedMem =>           train_ctrl: {'input': ['checkers_selfplay_ver'], 'reply': None, 'batchsize': 1}
[2019-04-17 15:05:15.662] [|++|ThreadedCtrl-13 ] [info] Setting init version: 0
[2019-04-17 15:05:15.662] [|++|SelfPlaySubCtrl-14 ] [info] Total SelfPlayRecords: 1, SelfPlay: -1 -> 0
Save models in		: "./models"
Keep prev_selfplay	: True
[2019-04-17 15:05:15.693] [|py|rlpytorch.trainer.ModelSaver-5  ] [info] Saved new model: [./models/save-0.bin]

[2019-04-17 15:05:15.693] [elf::base::Context-3  ] [info] Prepare context to start
[2019-04-17 15:05:15.693] [|++|GameBase-88 ] [info] mainLoop was started [1] Seed: 34656274, thread_id: 2690486278022242682
[2019-04-17 15:05:15.693] [|++|GameBase-22 ] [info] mainLoop was started [0] Seed: 32314794, thread_id: 14822409436063000618
[2019-04-17 15:05:15.693] [|++|GameBase-154] [info] mainLoop was started [2] Seed: 36997753, thread_id: 14335206891792959306
[2019-04-17 15:05:15.693] [|++|GameBase-220] [info] mainLoop was started [3] Seed: 39339232, thread_id: 9025745373266708704
[2019-04-17 15:05:15.693] [|++|GameBase-286] [info] mainLoop was started [4] Seed: 41680711, thread_id: 8586523577951631938
[2019-04-17 15:05:15.693] [|++|GameBase-352] [info] mainLoop was started [5] Seed: 44022191, thread_id: 7900220375000166504
[2019-04-17 15:05:15.693] [|++|GameBase-418] [info] mainLoop was started [6] Seed: 46363670, thread_id: 7738852334582521180
[2019-04-17 15:05:15.693] [|py|elfgames.checkers.train-0  ] [info] after_start
[2019-04-17 15:05:15.693] [|++|GameBase-484] [info] mainLoop was started [7] Seed: 48705149, thread_id: 2782655185189562186
[2019-04-17 15:05:15.693] [|++|SelfPlayRecord-550] [info] Need: 1000 for model: 0; Counter: 0; Selfplay_init_num: 1000; Selfplay_update_num: 1000; Num_weight_update: 0; 
[2019-04-17 15:05:15.693] [|++|ThreadedCtrl-13 ] [info] Insufficient sample for model 0... waiting 60s
[2019-04-17 15:05:23.419] [elf::distributed::Reader-21 ] [info] Ctrl from client local-andrey-rl-new-f6ee-95d-e931-2c42 client_size=1; msg=1555513515
[2019-04-17 15:05:23.419] [|++|TrainCtrl-11 ] [info] New client allocated: local-andrey-rl-new-f6ee-95d-e931-2c42
Total			clients[1==100%]
SelfplayOnly		clients[0/0%]
EvalThenSelfplay	clients[1/100%]
[#expected_clients=-1][selfplay_only_ratio=0%][#max_eval_clients=-1][#max_threads=8][#client_delay=1200]
[2019-04-17 15:06:15.698] [|++|SelfPlayRecord-550] [info] Need: 1000 for model: 0; Counter: 0; Selfplay_init_num: 1000; Selfplay_update_num: 1000; Num_weight_update: 0; 
[2019-04-17 15:06:15.698] [|++|ThreadedCtrl-13 ] [info] Insufficient sample for model 0... waiting 60s
[2019-04-17 15:07:15.698] [|++|SelfPlayRecord-550] [info] Need: 1000 for model: 0; Counter: 0; Selfplay_init_num: 1000; Selfplay_update_num: 1000; Num_weight_update: 0; 
[2019-04-17 15:07:15.698] [|++|ThreadedCtrl-13 ] [info] Insufficient sample for model 0... waiting 60s
[2019-04-17 15:08:15.698] [|++|SelfPlayRecord-550] [info] Need: 1000 for model: 0; Counter: 0; Selfplay_init_num: 1000; Selfplay_update_num: 1000; Num_weight_update: 0; 
[2019-04-17 15:08:15.698] [|++|ThreadedCtrl-13 ] [info] Insufficient sample for model 0... waiting 60s
Python version: 3.7.1 (default, Dec 14 2018, 19:28:38) 
[GCC 7.3.0]
PyTorch version: 1.0.0
CUDA version 9.0.176
Conda env: 
[2019-04-17 15:08:48.378] [|py|rlpytorch.model_loader.load_env1  ] [info] Loading env
[2019-04-17 15:08:48.382] [|py|rlpytorch.model_loader.load_env1  ] [info] Module game successfully loaded : elfgames.checkers.game
[2019-04-17 15:08:48.382] [|py|rlpytorch.model_loader.load_env1  ] [info] Module model_file successfully loaded : elfgames.checkers.df_model_checkers
Stats: Name  is not known!
name :  trainer
actor_name :  actor
[2019-04-17 15:08:48.387] [|py|rlpytorch.model_loader.load_env1  ] [info] Parsed options:
{'T': 1,
 'actor_only': False,
 'adam_eps': 0.001,
 'additional_labels': [],
 'backprop': True,
 'batchsize': 128,
 'batchsize2': -1,
 'black_use_policy_network_only': False,
 'bn': True,
 'bn_eps': 1e-05,
 'bn_momentum': 0.0,
 'cheat_eval_new_model_wins_half': False,
 'cheat_selfplay_random_result': False,
 'check_loaded_options': True,
 'checkers_num_future_actions': 1,
 'client_max_delay_sec': 1200,
 'dim': 128,
 'dist_rank': -1,
 'dist_url': '',
 'dist_world_size': -1,
 'dump_record_prefix': '',
 'epsilon': 0.0,
 'eval_model_pair': '',
 'eval_num_games': 40,
 'eval_old_model': -1,
 'eval_winrate_thres': 0.55,
 'expected_num_clients': -1,
 'freq_update': 1,
 'gpu': 0,
 'human_plays_for_black': False,
 'keep_prev_selfplay': True,
 'keys_in_reply': ['checkers_V'],
 'latest_symlink': 'latest',
 'leaky_relu': False,
 'list_files': [],
 'load': '',
 'load_model_sleep_interval': 0.0,
 'loglevel': 'info',
 'lr': 0.01,
 'mcts_alpha': 0.03,
 'mcts_epsilon': 0.25,
 'mcts_persistent_tree': True,
 'mcts_pick_method': 'most_visited',
 'mcts_puct': 1.5,
 'mcts_rollout_per_batch': 1,
 'mcts_rollout_per_thread': 100,
 'mcts_root_unexplored_q_zero': False,
 'mcts_threads': 8,
 'mcts_unexplored_q_zero': False,
 'mcts_use_prior': True,
 'mcts_verbose': False,
 'mcts_verbose_time': False,
 'mcts_virtual_loss': 1,
 'mode': 'train',
 'momentum': 0.9,
 'num_block': 10,
 'num_cooldown': 128,
 'num_episode': 100000,
 'num_games': 8,
 'num_games_per_thread': -1,
 'num_minibatch': 512,
 'num_reader': 50,
 'num_reset_ranking': 5000,
 'omit_keys': [],
 'onload': [],
 'opt_method': 'sgd',
 'parameter_print': True,
 'parsed_args': ['./py/train.py',
                 '--server_id',
                 'myserver',
                 '--port',
                 '1234',
                 '--gpu',
                 '0',
                 '--mode',
                 'train',
                 '--num_games',
                 '8',
                 '--keys_in_reply',
                 'checkers_V',
                 '--T',
                 '1',
                 '--dim',
                 '128',
                 '--num_block',
                 '10',
                 '--batchsize',
                 '128',
                 '--num_minibatch',
                 '512',
                 '--num_cooldown=128',
                 '--bn_momentum=0',
                 '--momentum',
                 '0.9',
                 '--weight_decay',
                 '0.0002',
                 '--opt_method',
                 'sgd',
                 '--lr',
                 '0.01',
                 '--use_mcts',
                 '--use_mcts_ai2',
                 '--mcts_epsilon',
                 '0.25',
                 '--mcts_alpha',
                 '0.03',
                 '--mcts_puct',
                 '1.5',
                 '--mcts_use_prior',
                 '--mcts_threads',
                 '8',
                 '--mcts_rollout_per_thread',
                 '100',
                 '--mcts_virtual_loss',
                 '1',
                 '--mcts_persistent_tree',
                 '--save_first',
                 '--use_data_parallel',
                 '--num_episode',
                 '100000',
                 '--keep_prev_selfplay',
                 '--selfplay_async',
                 '--q_min_size',
                 '1',
                 '--q_max_size',
                 '2000',
                 '--num_reader',
                 '50',
                 '--selfplay_init_num',
                 '50',
                 '--selfplay_update_num',
                 '100',
                 '--eval_winrate_thres',
                 '0.55',
                 '--eval_num_games',
                 '40',
                 '--verbose'],
 'policy_distri_cutoff': 0,
 'policy_distri_training_for_all': False,
 'port': 1234,
 'q_max_size': 2000,
 'q_min_size': 1,
 'record_dir': './record',
 'replace_prefix': [],
 'sample_nodes': ['pi,a'],
 'sample_policy': 'epsilon-greedy',
 'save_dir': './models',
 'save_first': True,
 'save_prefix': 'save',
 'selfplay_async': True,
 'selfplay_init_num': 50,
 'selfplay_timeout_usec': 0,
 'selfplay_update_num': 100,
 'server_addr': '',
 'server_id': 'myserver',
 'store_greedy': False,
 'suicide_after_n_games': -1,
 'tqdm': False,
 'trainer_stats': '',
 'use_data_parallel': True,
 'use_data_parallel_distributed': False,
 'use_fp16': False,
 'use_mcts': True,
 'use_mcts_ai2': True,
 'verbose': True,
 'weight_decay': 0.0002,
 'white_mcts_rollout_per_batch': -1,
 'white_mcts_rollout_per_thread': -1,
 'white_puct': -1.0,
 'white_use_policy_network_only': False}
[2019-04-17 15:08:48.387] [|py|rlpytorch.model_loader.load_env1  ] [info] Finished loading env
[2019-04-17 15:08:48.388] [elf::legacy::ContextOptions-0  ] [info] JobId: local
[2019-04-17 15:08:48.388] [elf::legacy::ContextOptions-0  ] [info] #Game: 8
[2019-04-17 15:08:48.388] [elf::legacy::ContextOptions-0  ] [info] T: 1
[2019-04-17 15:08:48.388] [elf::legacy::ContextOptions-0  ] [info] [num_th=8][rl_th=100][rl_b=1][per=True][eps=0.25][alpha=0.03][verbose=False] [prior=1][c_puct=1.5][uqz=0][r_uqz=0]
[2019-04-17 15:08:48.388] [|++|DistriServer-10 ] [info] Initialize trainCtrl_(TrainCtrl)
[2019-04-17 15:08:48.388] [|++|TrainCtrl-11 ] [info] Finished initializing replay_buffer(ReplayBuffer). info :
#Queue: 50, spec: ReaderQueue: Queue [min=1][max=2000], Length: 0, 0, 0, 0, 0, 0, 0, 0, 0, 0, 0, 0, 0, 0, 0, 0, 0, 0, 0, 0, 0, 0, 0, 0, 0, 0, 0, 0, 0, 0, 0, 0, 0, 0, 0, 0, 0, 0, 0, 0, 0, 0, 0, 0, 0, 0, 0, 0, 0, 0, Total: 0, MinSizeSatisfied: 0
[2019-04-17 15:08:48.388] [|++|TrainCtrl-11 ] [info] Finished initializing threaded_ctrl_(ThreadedCtrl)
[2019-04-17 15:08:48.388] [|++|TrainCtrl-11 ] [info] Finished initializing client_mgr_(ClientManager). info:
Total			clients[0==100%]
SelfplayOnly		clients[0/-nan%]
EvalThenSelfplay	clients[0/-nan%]
[#expected_clients=-1][selfplay_only_ratio=0%][#max_eval_clients=-1][#max_threads=8][#client_delay=1200]
[2019-04-17 15:08:48.388] [|++|DistriServer-10 ] [info] Initialize onlineLoader_(DataOnlineLoader)
[2019-04-17 15:08:48.388] [|++|DataOnlineLoader-17 ] [info] ZMQVer: 4.2.5 Reader[db=data-1555513728.db] [local] Connect to [127.0.0.1]:1234, ipv6: True, verbose: True
[2019-04-17 15:08:48.388] [|++|DistriServer-10 ] [info] DistriServer successfully created

[2019-04-17 15:08:48.388] [|++|ServerGameTrain-0-23 ] [info] Was succefully created
[2019-04-17 15:08:48.389] [|++|ServerGameTrain-1-89 ] [info] Was succefully created
[2019-04-17 15:08:48.389] [|++|ServerGameTrain-2-155] [info] Was succefully created
[2019-04-17 15:08:48.389] [|++|ServerGameTrain-3-221] [info] Was succefully created
[2019-04-17 15:08:48.389] [|++|ServerGameTrain-4-287] [info] Was succefully created
[2019-04-17 15:08:48.390] [|++|ServerGameTrain-5-353] [info] Was succefully created
[2019-04-17 15:08:48.390] [|++|ServerGameTrain-6-419] [info] Was succefully created
[2019-04-17 15:08:48.390] [|++|ServerGameTrain-7-485] [info] Was succefully created
[2019-04-17 15:08:48.390] [|++|GameContext-1  ] [info] 8 ServerGameTrain was created
************ CheckersGameOptions ************
                        Seed: 0
              Time signature: 190417-150848
     Client max delay in sec: 1200
          Num future actions: 1
            Games per thread: -1
                        mode: train
          Keep prev Selfplay: 1
              Init min games: 50
                Update games: 100
              Eval num games: 40
              Eval Threshold: 0.55
            Eval num Threads: 1
                       Async: True
                     UseMCTS: True
                 UseMCTS AI2: True
   Black policy network only: False
   White policy network only: False
          PolicyDistriCutOff: 0

              Server options: [127.0.0.1][server_id=myserver][port=1234]
                  Num Reader: 50
                  Q_min_size: 1
                  Q_max_size: 2000
                     Verbose: True
Policy distri training for all moves: False
    Reset move ranking after: 5000 actions
     Client max delay in sec: 1200

*********************************************
Version:  b7ea2663866a1db6ad48a7d286123284ed7fcc0b_unstaged
*********************************************
Mode:  train
checkers_num_action:  418
SharedMem =>                train: {'input': ['checkers_s', 'checkers_offline_a', 'checkers_winner', 'checkers_mcts_scores', 'checkers_move_idx', 'checkers_selfplay_ver'], 'reply': None}
SharedMem =>           train_ctrl: {'input': ['checkers_selfplay_ver'], 'reply': None, 'batchsize': 1}
[2019-04-17 15:08:50.622] [|++|ThreadedCtrl-13 ] [info] Setting init version: 0
[2019-04-17 15:08:50.622] [|++|SelfPlaySubCtrl-14 ] [info] Total SelfPlayRecords: 1, SelfPlay: -1 -> 0
Save models in		: "./models"
Keep prev_selfplay	: True
[2019-04-17 15:08:50.653] [|py|rlpytorch.trainer.ModelSaver-5  ] [info] Saved new model: [./models/save-0.bin]

[2019-04-17 15:08:50.653] [elf::base::Context-3  ] [info] Prepare context to start
[2019-04-17 15:08:50.653] [|++|GameBase-88 ] [info] mainLoop was started [1] Seed: 35086243, thread_id: 10004015181523992876
[2019-04-17 15:08:50.653] [|py|elfgames.checkers.train-0  ] [info] after_start
[2019-04-17 15:08:50.653] [|++|SelfPlayRecord-550] [info] Need: 50 for model: 0; Counter: 0; Selfplay_init_num: 50; Selfplay_update_num: 100; Num_weight_update: 0; 
[2019-04-17 15:08:50.653] [|++|ThreadedCtrl-13 ] [info] Insufficient sample for model 0... waiting 60s
[2019-04-17 15:08:50.653] [|++|GameBase-154] [info] mainLoop was started [2] Seed: 37427723, thread_id: 6120111584613120076
[2019-04-17 15:08:50.653] [|++|GameBase-22 ] [info] mainLoop was started [0] Seed: 32744764, thread_id: 16402903458946801167
[2019-04-17 15:08:50.653] [|++|GameBase-220] [info] mainLoop was started [3] Seed: 39769202, thread_id: 13897418107217186338
[2019-04-17 15:08:50.653] [|++|GameBase-286] [info] mainLoop was started [4] Seed: 42110681, thread_id: 3745985642039238291
[2019-04-17 15:08:50.653] [|++|GameBase-352] [info] mainLoop was started [5] Seed: 44452160, thread_id: 1190214222224255514
[2019-04-17 15:08:50.653] [|++|GameBase-418] [info] mainLoop was started [6] Seed: 46793640, thread_id: 12144247512448213821
[2019-04-17 15:08:50.653] [|++|GameBase-484] [info] mainLoop was started [7] Seed: 49135119, thread_id: 10315122324285446680
[2019-04-17 15:08:58.389] [elf::distributed::Reader-21 ] [info] Ctrl from client local-andrey-rl-new-965b-25c0-fb75-10b client_size=1; msg=1555513730
[2019-04-17 15:08:58.389] [|++|TrainCtrl-11 ] [info] New client allocated: local-andrey-rl-new-965b-25c0-fb75-10b
Total			clients[1==100%]
SelfplayOnly		clients[0/0%]
EvalThenSelfplay	clients[1/100%]
[#expected_clients=-1][selfplay_only_ratio=0%][#max_eval_clients=-1][#max_threads=8][#client_delay=1200]
[2019-04-17 15:09:50.653] [[35;1m|++|[0mSelfPlayRecord-550] [info] Need: 50 for model: 0; Counter: 0; Selfplay_init_num: 50; Selfplay_update_num: 100; Num_weight_update: 0; 
[2019-04-17 15:09:50.653] [[35;1m|++|[0mThreadedCtrl-13 ] [info] [37;1mInsufficient sample[0m for model 0... waiting 60s
[2019-04-17 15:09:58.391] [elf::distributed::Reader-21 ] [info] Ctrl from client local-andrey-rl-new-9fb9-7475-d2f-dd4b client_size=2; msg=1555513791
[2019-04-17 15:09:58.391] [[35;1m|++|[0mTrainCtrl-11 ] [info] New client allocated: local-andrey-rl-new-9fb9-7475-d2f-dd4b
Total			clients[2==100%]
SelfplayOnly		clients[0/0%]
EvalThenSelfplay	clients[2/100%]
[#expected_clients=-1][selfplay_only_ratio=0%][#max_eval_clients=-1][#max_threads=8][#client_delay=1200]
[2019-04-17 15:10:18.394] [elf::distributed::Reader-21 ] [info] Ctrl from client local-andrey-rl-new-f53-4766-a0fd-edc2 client_size=3; msg=1555513811
[2019-04-17 15:10:18.394] [[35;1m|++|[0mTrainCtrl-11 ] [info] New client allocated: local-andrey-rl-new-f53-4766-a0fd-edc2
Total			clients[3==100%]
SelfplayOnly		clients[0/0%]
EvalThenSelfplay	clients[3/100%]
[#expected_clients=-1][selfplay_only_ratio=0%][#max_eval_clients=-1][#max_threads=8][#client_delay=1200]
[2019-04-17 15:10:50.654] [[35;1m|++|[0mSelfPlayRecord-550] [info] Need: 50 for model: 0; Counter: 0; Selfplay_init_num: 50; Selfplay_update_num: 100; Num_weight_update: 0; 
[2019-04-17 15:10:50.654] [[35;1m|++|[0mThreadedCtrl-13 ] [info] [37;1mInsufficient sample[0m for model 0... waiting 60s
[2019-04-17 15:11:50.654] [[35;1m|++|[0mSelfPlayRecord-550] [info] Need: 50 for model: 0; Counter: 0; Selfplay_init_num: 50; Selfplay_update_num: 100; Num_weight_update: 0; 
[2019-04-17 15:11:50.654] [[35;1m|++|[0mThreadedCtrl-13 ] [info] [37;1mInsufficient sample[0m for model 0... waiting 60s
[2019-04-17 15:12:50.654] [[35;1m|++|[0mSelfPlayRecord-550] [info] Need: 50 for model: 0; Counter: 0; Selfplay_init_num: 50; Selfplay_update_num: 100; Num_weight_update: 0; 
[2019-04-17 15:12:50.654] [[35;1m|++|[0mThreadedCtrl-13 ] [info] [37;1mInsufficient sample[0m for model 0... waiting 60s
[2019-04-17 15:13:50.655] [[35;1m|++|[0mSelfPlayRecord-550] [info] Need: 50 for model: 0; Counter: 0; Selfplay_init_num: 50; Selfplay_update_num: 100; Num_weight_update: 0; 
[2019-04-17 15:13:50.655] [[35;1m|++|[0mThreadedCtrl-13 ] [info] [37;1mInsufficient sample[0m for model 0... waiting 60s
[2019-04-17 15:14:50.655] [[35;1m|++|[0mSelfPlayRecord-550] [info] Need: 50 for model: 0; Counter: 0; Selfplay_init_num: 50; Selfplay_update_num: 100; Num_weight_update: 0; 
[2019-04-17 15:14:50.655] [[35;1m|++|[0mThreadedCtrl-13 ] [info] [37;1mInsufficient sample[0m for model 0... waiting 60s
[2019-04-17 15:15:50.677] [[35;1m|++|[0mSelfPlayRecord-550] [info] Need: 50 for model: 0; Counter: 0; Selfplay_init_num: 50; Selfplay_update_num: 100; Num_weight_update: 0; 
[2019-04-17 15:15:50.677] [[35;1m|++|[0mThreadedCtrl-13 ] [info] [37;1mInsufficient sample[0m for model 0... waiting 60s
[2019-04-17 15:16:50.679] [[35;1m|++|[0mSelfPlayRecord-550] [info] Need: 50 for model: 0; Counter: 0; Selfplay_init_num: 50; Selfplay_update_num: 100; Num_weight_update: 0; 
[2019-04-17 15:16:50.679] [[35;1m|++|[0mThreadedCtrl-13 ] [info] [37;1mInsufficient sample[0m for model 0... waiting 60s
[2019-04-17 15:17:50.680] [[35;1m|++|[0mSelfPlayRecord-550] [info] Need: 50 for model: 0; Counter: 0; Selfplay_init_num: 50; Selfplay_update_num: 100; Num_weight_update: 0; 
[2019-04-17 15:17:50.680] [[35;1m|++|[0mThreadedCtrl-13 ] [info] [37;1mInsufficient sample[0m for model 0... waiting 60s
[2019-04-17 15:18:50.680] [[35;1m|++|[0mSelfPlayRecord-550] [info] Need: 50 for model: 0; Counter: 0; Selfplay_init_num: 50; Selfplay_update_num: 100; Num_weight_update: 0; 
[2019-04-17 15:18:50.680] [[35;1m|++|[0mThreadedCtrl-13 ] [info] [37;1mInsufficient sample[0m for model 0... waiting 60s
[2019-04-17 15:19:50.683] [[35;1m|++|[0mSelfPlayRecord-550] [info] Need: 50 for model: 0; Counter: 0; Selfplay_init_num: 50; Selfplay_update_num: 100; Num_weight_update: 0; 
[2019-04-17 15:19:50.683] [[35;1m|++|[0mThreadedCtrl-13 ] [info] [37;1mInsufficient sample[0m for model 0... waiting 60s
[2019-04-17 15:20:50.684] [[35;1m|++|[0mSelfPlayRecord-550] [info] Need: 50 for model: 0; Counter: 0; Selfplay_init_num: 50; Selfplay_update_num: 100; Num_weight_update: 0; 
[2019-04-17 15:20:50.684] [[35;1m|++|[0mThreadedCtrl-13 ] [info] [37;1mInsufficient sample[0m for model 0... waiting 60s
[2019-04-17 15:21:50.688] [[35;1m|++|[0mSelfPlayRecord-550] [info] Need: 50 for model: 0; Counter: 0; Selfplay_init_num: 50; Selfplay_update_num: 100; Num_weight_update: 0; 
[2019-04-17 15:21:50.688] [[35;1m|++|[0mThreadedCtrl-13 ] [info] [37;1mInsufficient sample[0m for model 0... waiting 60s
[2019-04-17 15:22:50.690] [[35;1m|++|[0mSelfPlayRecord-550] [info] Need: 50 for model: 0; Counter: 0; Selfplay_init_num: 50; Selfplay_update_num: 100; Num_weight_update: 0; 
[2019-04-17 15:22:50.690] [[35;1m|++|[0mThreadedCtrl-13 ] [info] [37;1mInsufficient sample[0m for model 0... waiting 60s
[2019-04-17 15:23:50.696] [[35;1m|++|[0mSelfPlayRecord-550] [info] Need: 50 for model: 0; Counter: 0; Selfplay_init_num: 50; Selfplay_update_num: 100; Num_weight_update: 0; 
[2019-04-17 15:23:50.696] [[35;1m|++|[0mThreadedCtrl-13 ] [info] [37;1mInsufficient sample[0m for model 0... waiting 60s
[2019-04-17 15:24:50.700] [[35;1m|++|[0mSelfPlayRecord-550] [info] Need: 50 for model: 0; Counter: 0; Selfplay_init_num: 50; Selfplay_update_num: 100; Num_weight_update: 0; 
[2019-04-17 15:24:50.700] [[35;1m|++|[0mThreadedCtrl-13 ] [info] [37;1mInsufficient sample[0m for model 0... waiting 60s
[2019-04-17 15:25:50.701] [[35;1m|++|[0mSelfPlayRecord-550] [info] Need: 50 for model: 0; Counter: 0; Selfplay_init_num: 50; Selfplay_update_num: 100; Num_weight_update: 0; 
[2019-04-17 15:25:50.701] [[35;1m|++|[0mThreadedCtrl-13 ] [info] [37;1mInsufficient sample[0m for model 0... waiting 60s
[2019-04-17 15:26:50.702] [[35;1m|++|[0mSelfPlayRecord-550] [info] Need: 50 for model: 0; Counter: 0; Selfplay_init_num: 50; Selfplay_update_num: 100; Num_weight_update: 0; 
[2019-04-17 15:26:50.702] [[35;1m|++|[0mThreadedCtrl-13 ] [info] [37;1mInsufficient sample[0m for model 0... waiting 60s
[2019-04-17 15:27:50.702] [[35;1m|++|[0mSelfPlayRecord-550] [info] Need: 50 for model: 0; Counter: 0; Selfplay_init_num: 50; Selfplay_update_num: 100; Num_weight_update: 0; 
[2019-04-17 15:27:50.702] [[35;1m|++|[0mThreadedCtrl-13 ] [info] [37;1mInsufficient sample[0m for model 0... waiting 60s
[2019-04-17 15:28:50.705] [[35;1m|++|[0mSelfPlayRecord-550] [info] Need: 50 for model: 0; Counter: 0; Selfplay_init_num: 50; Selfplay_update_num: 100; Num_weight_update: 0; 
[2019-04-17 15:28:50.705] [[35;1m|++|[0mThreadedCtrl-13 ] [info] [37;1mInsufficient sample[0m for model 0... waiting 60s
[2019-04-17 15:29:50.715] [[35;1m|++|[0mSelfPlayRecord-550] [info] Need: 50 for model: 0; Counter: 0; Selfplay_init_num: 50; Selfplay_update_num: 100; Num_weight_update: 0; 
[2019-04-17 15:29:50.715] [[35;1m|++|[0mThreadedCtrl-13 ] [info] [37;1mInsufficient sample[0m for model 0... waiting 60s
[2019-04-17 15:30:50.715] [[35;1m|++|[0mSelfPlayRecord-550] [info] Need: 50 for model: 0; Counter: 0; Selfplay_init_num: 50; Selfplay_update_num: 100; Num_weight_update: 0; 
[2019-04-17 15:30:50.715] [[35;1m|++|[0mThreadedCtrl-13 ] [info] [37;1mInsufficient sample[0m for model 0... waiting 60s
[2019-04-17 15:31:50.718] [[35;1m|++|[0mSelfPlayRecord-550] [info] Need: 50 for model: 0; Counter: 0; Selfplay_init_num: 50; Selfplay_update_num: 100; Num_weight_update: 0; 
[2019-04-17 15:31:50.718] [[35;1m|++|[0mThreadedCtrl-13 ] [info] [37;1mInsufficient sample[0m for model 0... waiting 60s
[2019-04-17 15:32:50.718] [[35;1m|++|[0mSelfPlayRecord-550] [info] Need: 50 for model: 0; Counter: 0; Selfplay_init_num: 50; Selfplay_update_num: 100; Num_weight_update: 0; 
[2019-04-17 15:32:50.718] [[35;1m|++|[0mThreadedCtrl-13 ] [info] [37;1mInsufficient sample[0m for model 0... waiting 60s
[2019-04-17 15:33:50.718] [[35;1m|++|[0mSelfPlayRecord-550] [info] Need: 50 for model: 0; Counter: 0; Selfplay_init_num: 50; Selfplay_update_num: 100; Num_weight_update: 0; 
[2019-04-17 15:33:50.718] [[35;1m|++|[0mThreadedCtrl-13 ] [info] [37;1mInsufficient sample[0m for model 0... waiting 60s
[2019-04-17 15:34:50.720] [[35;1m|++|[0mSelfPlayRecord-550] [info] Need: 50 for model: 0; Counter: 0; Selfplay_init_num: 50; Selfplay_update_num: 100; Num_weight_update: 0; 
[2019-04-17 15:34:50.720] [[35;1m|++|[0mThreadedCtrl-13 ] [info] [37;1mInsufficient sample[0m for model 0... waiting 60s
[2019-04-17 15:35:50.721] [[35;1m|++|[0mSelfPlayRecord-550] [info] Need: 50 for model: 0; Counter: 0; Selfplay_init_num: 50; Selfplay_update_num: 100; Num_weight_update: 0; 
[2019-04-17 15:35:50.721] [[35;1m|++|[0mThreadedCtrl-13 ] [info] [37;1mInsufficient sample[0m for model 0... waiting 60s
[2019-04-17 15:36:50.725] [[35;1m|++|[0mSelfPlayRecord-550] [info] Need: 50 for model: 0; Counter: 0; Selfplay_init_num: 50; Selfplay_update_num: 100; Num_weight_update: 0; 
[2019-04-17 15:36:50.725] [[35;1m|++|[0mThreadedCtrl-13 ] [info] [37;1mInsufficient sample[0m for model 0... waiting 60s
[2019-04-17 15:37:50.730] [[35;1m|++|[0mSelfPlayRecord-550] [info] Need: 50 for model: 0; Counter: 0; Selfplay_init_num: 50; Selfplay_update_num: 100; Num_weight_update: 0; 
[2019-04-17 15:37:50.730] [[35;1m|++|[0mThreadedCtrl-13 ] [info] [37;1mInsufficient sample[0m for model 0... waiting 60s
[2019-04-17 15:38:50.736] [[35;1m|++|[0mSelfPlayRecord-550] [info] Need: 50 for model: 0; Counter: 0; Selfplay_init_num: 50; Selfplay_update_num: 100; Num_weight_update: 0; 
[2019-04-17 15:38:50.736] [[35;1m|++|[0mThreadedCtrl-13 ] [info] [37;1mInsufficient sample[0m for model 0... waiting 60s
[2019-04-17 15:39:50.736] [[35;1m|++|[0mSelfPlayRecord-550] [info] Need: 50 for model: 0; Counter: 0; Selfplay_init_num: 50; Selfplay_update_num: 100; Num_weight_update: 0; 
[2019-04-17 15:39:50.736] [[35;1m|++|[0mThreadedCtrl-13 ] [info] [37;1mInsufficient sample[0m for model 0... waiting 60s
[2019-04-17 15:40:50.737] [[35;1m|++|[0mSelfPlayRecord-550] [info] Need: 50 for model: 0; Counter: 0; Selfplay_init_num: 50; Selfplay_update_num: 100; Num_weight_update: 0; 
[2019-04-17 15:40:50.737] [[35;1m|++|[0mThreadedCtrl-13 ] [info] [37;1mInsufficient sample[0m for model 0... waiting 60s
[2019-04-17 15:41:50.743] [[35;1m|++|[0mSelfPlayRecord-550] [info] Need: 50 for model: 0; Counter: 0; Selfplay_init_num: 50; Selfplay_update_num: 100; Num_weight_update: 0; 
[2019-04-17 15:41:50.743] [[35;1m|++|[0mThreadedCtrl-13 ] [info] [37;1mInsufficient sample[0m for model 0... waiting 60s
[2019-04-17 15:42:50.744] [[35;1m|++|[0mSelfPlayRecord-550] [info] Need: 50 for model: 0; Counter: 0; Selfplay_init_num: 50; Selfplay_update_num: 100; Num_weight_update: 0; 
[2019-04-17 15:42:50.744] [[35;1m|++|[0mThreadedCtrl-13 ] [info] [37;1mInsufficient sample[0m for model 0... waiting 60s
[2019-04-17 15:43:50.746] [[35;1m|++|[0mSelfPlayRecord-550] [info] Need: 50 for model: 0; Counter: 0; Selfplay_init_num: 50; Selfplay_update_num: 100; Num_weight_update: 0; 
[2019-04-17 15:43:50.746] [[35;1m|++|[0mThreadedCtrl-13 ] [info] [37;1mInsufficient sample[0m for model 0... waiting 60s
[2019-04-17 15:44:50.746] [[35;1m|++|[0mSelfPlayRecord-550] [info] Need: 50 for model: 0; Counter: 0; Selfplay_init_num: 50; Selfplay_update_num: 100; Num_weight_update: 0; 
[2019-04-17 15:44:50.746] [[35;1m|++|[0mThreadedCtrl-13 ] [info] [37;1mInsufficient sample[0m for model 0... waiting 60s
[2019-04-17 15:45:50.746] [[35;1m|++|[0mSelfPlayRecord-550] [info] Need: 50 for model: 0; Counter: 0; Selfplay_init_num: 50; Selfplay_update_num: 100; Num_weight_update: 0; 
[2019-04-17 15:45:50.746] [[35;1m|++|[0mThreadedCtrl-13 ] [info] [37;1mInsufficient sample[0m for model 0... waiting 60s
[2019-04-17 15:46:50.746] [[35;1m|++|[0mSelfPlayRecord-550] [info] Need: 50 for model: 0; Counter: 0; Selfplay_init_num: 50; Selfplay_update_num: 100; Num_weight_update: 0; 
[2019-04-17 15:46:50.746] [[35;1m|++|[0mThreadedCtrl-13 ] [info] [37;1mInsufficient sample[0m for model 0... waiting 60s
[2019-04-17 15:47:50.747] [[35;1m|++|[0mSelfPlayRecord-550] [info] Need: 50 for model: 0; Counter: 0; Selfplay_init_num: 50; Selfplay_update_num: 100; Num_weight_update: 0; 
[2019-04-17 15:47:50.747] [[35;1m|++|[0mThreadedCtrl-13 ] [info] [37;1mInsufficient sample[0m for model 0... waiting 60s
[2019-04-17 15:48:48.897] [[35;1m|++|[0mTrainCtrl-11 ] [info] TrainCtrl: Receive data[100] from local-andrey-rl-new-f53-4766-a0fd-edc2, #state_update: 8, #records: 0, #valid_selfplay: 0, #valid_eval: 0
[2019-04-17 15:48:48.897] [[35;1m|++|[0mDataOnlineLoader-17 ] [info] last_identity: local-andrey-rl-new-f53-4766-a0fd-edc2, #msg: 0 #client: 0, Msg count: 100, avg msg size: 0, failed count: 0
[2019-04-17 15:48:50.773] [[35;1m|++|[0mSelfPlayRecord-550] [info] Need: 50 for model: 0; Counter: 0; Selfplay_init_num: 50; Selfplay_update_num: 100; Num_weight_update: 0; 
[2019-04-17 15:48:50.773] [[35;1m|++|[0mThreadedCtrl-13 ] [info] [37;1mInsufficient sample[0m for model 0... waiting 60s
[2019-04-17 15:49:50.773] [[35;1m|++|[0mSelfPlayRecord-550] [info] Need: 50 for model: 0; Counter: 0; Selfplay_init_num: 50; Selfplay_update_num: 100; Num_weight_update: 0; 
[2019-04-17 15:49:50.773] [[35;1m|++|[0mThreadedCtrl-13 ] [info] [37;1mInsufficient sample[0m for model 0... waiting 60s
[2019-04-17 15:50:50.773] [[35;1m|++|[0mSelfPlayRecord-550] [info] Need: 50 for model: 0; Counter: 0; Selfplay_init_num: 50; Selfplay_update_num: 100; Num_weight_update: 0; 
[2019-04-17 15:50:50.773] [[35;1m|++|[0mThreadedCtrl-13 ] [info] [37;1mInsufficient sample[0m for model 0... waiting 60s
[2019-04-17 15:51:50.774] [[35;1m|++|[0mSelfPlayRecord-550] [info] Need: 50 for model: 0; Counter: 0; Selfplay_init_num: 50; Selfplay_update_num: 100; Num_weight_update: 0; 
[2019-04-17 15:51:50.774] [[35;1m|++|[0mThreadedCtrl-13 ] [info] [37;1mInsufficient sample[0m for model 0... waiting 60s
[2019-04-17 15:52:50.774] [[35;1m|++|[0mSelfPlayRecord-550] [info] Need: 50 for model: 0; Counter: 0; Selfplay_init_num: 50; Selfplay_update_num: 100; Num_weight_update: 0; 
[2019-04-17 15:52:50.774] [[35;1m|++|[0mThreadedCtrl-13 ] [info] [37;1mInsufficient sample[0m for model 0... waiting 60s
[2019-04-17 15:53:50.776] [[35;1m|++|[0mSelfPlayRecord-550] [info] Need: 50 for model: 0; Counter: 0; Selfplay_init_num: 50; Selfplay_update_num: 100; Num_weight_update: 0; 
[2019-04-17 15:53:50.776] [[35;1m|++|[0mThreadedCtrl-13 ] [info] [37;1mInsufficient sample[0m for model 0... waiting 60s
[2019-04-17 15:54:50.776] [[35;1m|++|[0mSelfPlayRecord-550] [info] Need: 50 for model: 0; Counter: 0; Selfplay_init_num: 50; Selfplay_update_num: 100; Num_weight_update: 0; 
[2019-04-17 15:54:50.776] [[35;1m|++|[0mThreadedCtrl-13 ] [info] [37;1mInsufficient sample[0m for model 0... waiting 60s
[2019-04-17 15:55:50.777] [[35;1m|++|[0mSelfPlayRecord-550] [info] Need: 50 for model: 0; Counter: 0; Selfplay_init_num: 50; Selfplay_update_num: 100; Num_weight_update: 0; 
[2019-04-17 15:55:50.777] [[35;1m|++|[0mThreadedCtrl-13 ] [info] [37;1mInsufficient sample[0m for model 0... waiting 60s
[2019-04-17 15:56:50.780] [[35;1m|++|[0mSelfPlayRecord-550] [info] Need: 50 for model: 0; Counter: 0; Selfplay_init_num: 50; Selfplay_update_num: 100; Num_weight_update: 0; 
[2019-04-17 15:56:50.780] [[35;1m|++|[0mThreadedCtrl-13 ] [info] [37;1mInsufficient sample[0m for model 0... waiting 60s
[2019-04-17 15:57:50.780] [[35;1m|++|[0mSelfPlayRecord-550] [info] Need: 50 for model: 0; Counter: 0; Selfplay_init_num: 50; Selfplay_update_num: 100; Num_weight_update: 0; 
[2019-04-17 15:57:50.780] [[35;1m|++|[0mThreadedCtrl-13 ] [info] [37;1mInsufficient sample[0m for model 0... waiting 60s
[2019-04-17 15:58:50.781] [[35;1m|++|[0mSelfPlayRecord-550] [info] Need: 50 for model: 0; Counter: 0; Selfplay_init_num: 50; Selfplay_update_num: 100; Num_weight_update: 0; 
[2019-04-17 15:58:50.781] [[35;1m|++|[0mThreadedCtrl-13 ] [info] [37;1mInsufficient sample[0m for model 0... waiting 60s
[2019-04-17 15:59:50.781] [[35;1m|++|[0mSelfPlayRecord-550] [info] Need: 50 for model: 0; Counter: 0; Selfplay_init_num: 50; Selfplay_update_num: 100; Num_weight_update: 0; 
[2019-04-17 15:59:50.781] [[35;1m|++|[0mThreadedCtrl-13 ] [info] [37;1mInsufficient sample[0m for model 0... waiting 60s
[2019-04-17 16:00:50.783] [[35;1m|++|[0mSelfPlayRecord-550] [info] Need: 50 for model: 0; Counter: 0; Selfplay_init_num: 50; Selfplay_update_num: 100; Num_weight_update: 0; 
[2019-04-17 16:00:50.783] [[35;1m|++|[0mThreadedCtrl-13 ] [info] [37;1mInsufficient sample[0m for model 0... waiting 60s
[2019-04-17 16:01:50.783] [[35;1m|++|[0mSelfPlayRecord-550] [info] Need: 50 for model: 0; Counter: 0; Selfplay_init_num: 50; Selfplay_update_num: 100; Num_weight_update: 0; 
[2019-04-17 16:01:50.783] [[35;1m|++|[0mThreadedCtrl-13 ] [info] [37;1mInsufficient sample[0m for model 0... waiting 60s
[2019-04-17 16:02:50.784] [[35;1m|++|[0mSelfPlayRecord-550] [info] Need: 50 for model: 0; Counter: 0; Selfplay_init_num: 50; Selfplay_update_num: 100; Num_weight_update: 0; 
[2019-04-17 16:02:50.784] [[35;1m|++|[0mThreadedCtrl-13 ] [info] [37;1mInsufficient sample[0m for model 0... waiting 60s
[2019-04-17 16:03:50.784] [[35;1m|++|[0mSelfPlayRecord-550] [info] Need: 50 for model: 0; Counter: 0; Selfplay_init_num: 50; Selfplay_update_num: 100; Num_weight_update: 0; 
[2019-04-17 16:03:50.784] [[35;1m|++|[0mThreadedCtrl-13 ] [info] [37;1mInsufficient sample[0m for model 0... waiting 60s
[2019-04-17 16:04:50.790] [[35;1m|++|[0mSelfPlayRecord-550] [info] Need: 50 for model: 0; Counter: 0; Selfplay_init_num: 50; Selfplay_update_num: 100; Num_weight_update: 0; 
[2019-04-17 16:04:50.790] [[35;1m|++|[0mThreadedCtrl-13 ] [info] [37;1mInsufficient sample[0m for model 0... waiting 60s
[2019-04-17 16:05:50.793] [[35;1m|++|[0mSelfPlayRecord-550] [info] Need: 50 for model: 0; Counter: 0; Selfplay_init_num: 50; Selfplay_update_num: 100; Num_weight_update: 0; 
[2019-04-17 16:05:50.793] [[35;1m|++|[0mThreadedCtrl-13 ] [info] [37;1mInsufficient sample[0m for model 0... waiting 60s
[2019-04-17 16:06:50.793] [[35;1m|++|[0mSelfPlayRecord-550] [info] Need: 50 for model: 0; Counter: 0; Selfplay_init_num: 50; Selfplay_update_num: 100; Num_weight_update: 0; 
[2019-04-17 16:06:50.793] [[35;1m|++|[0mThreadedCtrl-13 ] [info] [37;1mInsufficient sample[0m for model 0... waiting 60s
[2019-04-17 16:07:50.793] [[35;1m|++|[0mSelfPlayRecord-550] [info] Need: 50 for model: 0; Counter: 0; Selfplay_init_num: 50; Selfplay_update_num: 100; Num_weight_update: 0; 
[2019-04-17 16:07:50.793] [[35;1m|++|[0mThreadedCtrl-13 ] [info] [37;1mInsufficient sample[0m for model 0... waiting 60s
[2019-04-17 16:08:50.793] [[35;1m|++|[0mSelfPlayRecord-550] [info] Need: 50 for model: 0; Counter: 4; Selfplay_init_num: 50; Selfplay_update_num: 100; Num_weight_update: 0; 
[2019-04-17 16:08:50.793] [[35;1m|++|[0mThreadedCtrl-13 ] [info] [37;1mInsufficient sample[0m for model 0... waiting 60s
[2019-04-17 16:09:50.794] [[35;1m|++|[0mSelfPlayRecord-550] [info] Need: 50 for model: 0; Counter: 8; Selfplay_init_num: 50; Selfplay_update_num: 100; Num_weight_update: 0; 
[2019-04-17 16:09:50.794] [[35;1m|++|[0mThreadedCtrl-13 ] [info] [37;1mInsufficient sample[0m for model 0... waiting 60s
[2019-04-17 16:10:50.797] [[35;1m|++|[0mSelfPlayRecord-550] [info] Need: 50 for model: 0; Counter: 8; Selfplay_init_num: 50; Selfplay_update_num: 100; Num_weight_update: 0; 
[2019-04-17 16:10:50.797] [[35;1m|++|[0mThreadedCtrl-13 ] [info] [37;1mInsufficient sample[0m for model 0... waiting 60s
[2019-04-17 16:11:50.798] [[35;1m|++|[0mSelfPlayRecord-550] [info] Need: 50 for model: 0; Counter: 8; Selfplay_init_num: 50; Selfplay_update_num: 100; Num_weight_update: 0; 
[2019-04-17 16:11:50.798] [[35;1m|++|[0mThreadedCtrl-13 ] [info] [37;1mInsufficient sample[0m for model 0... waiting 60s
[2019-04-17 16:12:50.800] [[35;1m|++|[0mSelfPlayRecord-550] [info] Need: 50 for model: 0; Counter: 21; Selfplay_init_num: 50; Selfplay_update_num: 100; Num_weight_update: 0; 
[2019-04-17 16:12:50.800] [[35;1m|++|[0mThreadedCtrl-13 ] [info] [37;1mInsufficient sample[0m for model 0... waiting 60s
[2019-04-17 16:13:50.801] [[35;1m|++|[0mSelfPlayRecord-550] [info] Need: 50 for model: 0; Counter: 24; Selfplay_init_num: 50; Selfplay_update_num: 100; Num_weight_update: 0; 
[2019-04-17 16:13:50.801] [[35;1m|++|[0mThreadedCtrl-13 ] [info] [37;1mInsufficient sample[0m for model 0... waiting 60s
[2019-04-17 16:14:50.803] [[35;1m|++|[0mSelfPlayRecord-550] [info] Need: 50 for model: 0; Counter: 24; Selfplay_init_num: 50; Selfplay_update_num: 100; Num_weight_update: 0; 
[2019-04-17 16:14:50.803] [[35;1m|++|[0mThreadedCtrl-13 ] [info] [37;1mInsufficient sample[0m for model 0... waiting 60s
[2019-04-17 16:15:50.804] [[35;1m|++|[0mSelfPlayRecord-550] [info] Need: 50 for model: 0; Counter: 24; Selfplay_init_num: 50; Selfplay_update_num: 100; Num_weight_update: 0; 
[2019-04-17 16:15:50.804] [[35;1m|++|[0mThreadedCtrl-13 ] [info] [37;1mInsufficient sample[0m for model 0... waiting 60s
[2019-04-17 16:16:50.805] [[35;1m|++|[0mSelfPlayRecord-550] [info] Need: 50 for model: 0; Counter: 24; Selfplay_init_num: 50; Selfplay_update_num: 100; Num_weight_update: 0; 
[2019-04-17 16:16:50.805] [[35;1m|++|[0mThreadedCtrl-13 ] [info] [37;1mInsufficient sample[0m for model 0... waiting 60s
[2019-04-17 16:17:50.807] [[35;1m|++|[0mSelfPlayRecord-550] [info] Need: 50 for model: 0; Counter: 24; Selfplay_init_num: 50; Selfplay_update_num: 100; Num_weight_update: 0; 
[2019-04-17 16:17:50.807] [[35;1m|++|[0mThreadedCtrl-13 ] [info] [37;1mInsufficient sample[0m for model 0... waiting 60s
[2019-04-17 16:18:50.807] [[35;1m|++|[0mSelfPlayRecord-550] [info] Need: 50 for model: 0; Counter: 24; Selfplay_init_num: 50; Selfplay_update_num: 100; Num_weight_update: 0; 
[2019-04-17 16:18:50.807] [[35;1m|++|[0mThreadedCtrl-13 ] [info] [37;1mInsufficient sample[0m for model 0... waiting 60s
[2019-04-17 16:19:50.808] [[35;1m|++|[0mSelfPlayRecord-550] [info] Need: 50 for model: 0; Counter: 24; Selfplay_init_num: 50; Selfplay_update_num: 100; Num_weight_update: 0; 
[2019-04-17 16:19:50.808] [[35;1m|++|[0mThreadedCtrl-13 ] [info] [37;1mInsufficient sample[0m for model 0... waiting 60s
[2019-04-17 16:20:50.808] [[35;1m|++|[0mSelfPlayRecord-550] [info] Need: 50 for model: 0; Counter: 24; Selfplay_init_num: 50; Selfplay_update_num: 100; Num_weight_update: 0; 
[2019-04-17 16:20:50.808] [[35;1m|++|[0mThreadedCtrl-13 ] [info] [37;1mInsufficient sample[0m for model 0... waiting 60s
[2019-04-17 16:21:50.808] [[35;1m|++|[0mSelfPlayRecord-550] [info] Need: 50 for model: 0; Counter: 24; Selfplay_init_num: 50; Selfplay_update_num: 100; Num_weight_update: 0; 
[2019-04-17 16:21:50.808] [[35;1m|++|[0mThreadedCtrl-13 ] [info] [37;1mInsufficient sample[0m for model 0... waiting 60s
[2019-04-17 16:22:50.814] [[35;1m|++|[0mSelfPlayRecord-550] [info] Need: 50 for model: 0; Counter: 24; Selfplay_init_num: 50; Selfplay_update_num: 100; Num_weight_update: 0; 
[2019-04-17 16:22:50.814] [[35;1m|++|[0mThreadedCtrl-13 ] [info] [37;1mInsufficient sample[0m for model 0... waiting 60s
[2019-04-17 16:23:50.816] [[35;1m|++|[0mSelfPlayRecord-550] [info] Need: 50 for model: 0; Counter: 24; Selfplay_init_num: 50; Selfplay_update_num: 100; Num_weight_update: 0; 
[2019-04-17 16:23:50.816] [[35;1m|++|[0mThreadedCtrl-13 ] [info] [37;1mInsufficient sample[0m for model 0... waiting 60s
[2019-04-17 16:24:29.956] [[35;1m|++|[0mTrainCtrl-11 ] [info] TrainCtrl: Receive data[200] from local-andrey-rl-new-965b-25c0-fb75-10b, #state_update: 8, #records: 0, #valid_selfplay: 0, #valid_eval: 0
[2019-04-17 16:24:29.956] [[35;1m|++|[0mDataOnlineLoader-17 ] [info] last_identity: local-andrey-rl-new-965b-25c0-fb75-10b, #msg: 24 #client: 0, Msg count: 200, avg msg size: 0, failed count: 0
[2019-04-17 16:24:50.818] [[35;1m|++|[0mSelfPlayRecord-550] [info] Need: 50 for model: 0; Counter: 24; Selfplay_init_num: 50; Selfplay_update_num: 100; Num_weight_update: 0; 
[2019-04-17 16:24:50.818] [[35;1m|++|[0mThreadedCtrl-13 ] [info] [37;1mInsufficient sample[0m for model 0... waiting 60s
[2019-04-17 16:25:50.820] [[35;1m|++|[0mSelfPlayRecord-550] [info] Need: 50 for model: 0; Counter: 24; Selfplay_init_num: 50; Selfplay_update_num: 100; Num_weight_update: 0; 
[2019-04-17 16:25:50.820] [[35;1m|++|[0mThreadedCtrl-13 ] [info] [37;1mInsufficient sample[0m for model 0... waiting 60s
[2019-04-17 16:26:50.822] [[35;1m|++|[0mSelfPlayRecord-550] [info] Need: 50 for model: 0; Counter: 24; Selfplay_init_num: 50; Selfplay_update_num: 100; Num_weight_update: 0; 
[2019-04-17 16:26:50.822] [[35;1m|++|[0mThreadedCtrl-13 ] [info] [37;1mInsufficient sample[0m for model 0... waiting 60s
[2019-04-17 16:27:50.823] [[35;1m|++|[0mSelfPlayRecord-550] [info] Need: 50 for model: 0; Counter: 24; Selfplay_init_num: 50; Selfplay_update_num: 100; Num_weight_update: 0; 
[2019-04-17 16:27:50.823] [[35;1m|++|[0mThreadedCtrl-13 ] [info] [37;1mInsufficient sample[0m for model 0... waiting 60s
[2019-04-17 16:28:50.823] [[35;1m|++|[0mSelfPlayRecord-550] [info] Need: 50 for model: 0; Counter: 24; Selfplay_init_num: 50; Selfplay_update_num: 100; Num_weight_update: 0; 
[2019-04-17 16:28:50.823] [[35;1m|++|[0mThreadedCtrl-13 ] [info] [37;1mInsufficient sample[0m for model 0... waiting 60s
[2019-04-17 16:29:50.823] [[35;1m|++|[0mSelfPlayRecord-550] [info] Need: 50 for model: 0; Counter: 24; Selfplay_init_num: 50; Selfplay_update_num: 100; Num_weight_update: 0; 
[2019-04-17 16:29:50.823] [[35;1m|++|[0mThreadedCtrl-13 ] [info] [37;1mInsufficient sample[0m for model 0... waiting 60s
[2019-04-17 16:30:50.824] [[35;1m|++|[0mSelfPlayRecord-550] [info] Need: 50 for model: 0; Counter: 24; Selfplay_init_num: 50; Selfplay_update_num: 100; Num_weight_update: 0; 
[2019-04-17 16:30:50.824] [[35;1m|++|[0mThreadedCtrl-13 ] [info] [37;1mInsufficient sample[0m for model 0... waiting 60s
[2019-04-17 16:31:50.824] [[35;1m|++|[0mSelfPlayRecord-550] [info] Need: 50 for model: 0; Counter: 24; Selfplay_init_num: 50; Selfplay_update_num: 100; Num_weight_update: 0; 
[2019-04-17 16:31:50.824] [[35;1m|++|[0mThreadedCtrl-13 ] [info] [37;1mInsufficient sample[0m for model 0... waiting 60s
[2019-04-17 16:32:50.826] [[35;1m|++|[0mSelfPlayRecord-550] [info] Need: 50 for model: 0; Counter: 24; Selfplay_init_num: 50; Selfplay_update_num: 100; Num_weight_update: 0; 
[2019-04-17 16:32:50.826] [[35;1m|++|[0mThreadedCtrl-13 ] [info] [37;1mInsufficient sample[0m for model 0... waiting 60s
[2019-04-17 16:33:50.830] [[35;1m|++|[0mSelfPlayRecord-550] [info] Need: 50 for model: 0; Counter: 24; Selfplay_init_num: 50; Selfplay_update_num: 100; Num_weight_update: 0; 
[2019-04-17 16:33:50.830] [[35;1m|++|[0mThreadedCtrl-13 ] [info] [37;1mInsufficient sample[0m for model 0... waiting 60s
[2019-04-17 16:34:50.832] [[35;1m|++|[0mSelfPlayRecord-550] [info] Need: 50 for model: 0; Counter: 24; Selfplay_init_num: 50; Selfplay_update_num: 100; Num_weight_update: 0; 
[2019-04-17 16:34:50.832] [[35;1m|++|[0mThreadedCtrl-13 ] [info] [37;1mInsufficient sample[0m for model 0... waiting 60s
[2019-04-17 16:35:50.832] [[35;1m|++|[0mSelfPlayRecord-550] [info] Need: 50 for model: 0; Counter: 24; Selfplay_init_num: 50; Selfplay_update_num: 100; Num_weight_update: 0; 
[2019-04-17 16:35:50.832] [[35;1m|++|[0mThreadedCtrl-13 ] [info] [37;1mInsufficient sample[0m for model 0... waiting 60s
[2019-04-17 16:36:50.832] [[35;1m|++|[0mSelfPlayRecord-550] [info] Need: 50 for model: 0; Counter: 24; Selfplay_init_num: 50; Selfplay_update_num: 100; Num_weight_update: 0; 
[2019-04-17 16:36:50.832] [[35;1m|++|[0mThreadedCtrl-13 ] [info] [37;1mInsufficient sample[0m for model 0... waiting 60s
[2019-04-17 16:37:50.834] [[35;1m|++|[0mSelfPlayRecord-550] [info] Need: 50 for model: 0; Counter: 24; Selfplay_init_num: 50; Selfplay_update_num: 100; Num_weight_update: 0; 
[2019-04-17 16:37:50.834] [[35;1m|++|[0mThreadedCtrl-13 ] [info] [37;1mInsufficient sample[0m for model 0... waiting 60s
[2019-04-17 16:38:50.834] [[35;1m|++|[0mSelfPlayRecord-550] [info] Need: 50 for model: 0; Counter: 24; Selfplay_init_num: 50; Selfplay_update_num: 100; Num_weight_update: 0; 
[2019-04-17 16:38:50.834] [[35;1m|++|[0mThreadedCtrl-13 ] [info] [37;1mInsufficient sample[0m for model 0... waiting 60s
[2019-04-17 16:39:50.834] [[35;1m|++|[0mSelfPlayRecord-550] [info] Need: 50 for model: 0; Counter: 24; Selfplay_init_num: 50; Selfplay_update_num: 100; Num_weight_update: 0; 
[2019-04-17 16:39:50.834] [[35;1m|++|[0mThreadedCtrl-13 ] [info] [37;1mInsufficient sample[0m for model 0... waiting 60s
[2019-04-17 16:40:50.838] [[35;1m|++|[0mSelfPlayRecord-550] [info] Need: 50 for model: 0; Counter: 24; Selfplay_init_num: 50; Selfplay_update_num: 100; Num_weight_update: 0; 
[2019-04-17 16:40:50.838] [[35;1m|++|[0mThreadedCtrl-13 ] [info] [37;1mInsufficient sample[0m for model 0... waiting 60s
[2019-04-17 16:41:50.838] [[35;1m|++|[0mSelfPlayRecord-550] [info] Need: 50 for model: 0; Counter: 24; Selfplay_init_num: 50; Selfplay_update_num: 100; Num_weight_update: 0; 
[2019-04-17 16:41:50.838] [[35;1m|++|[0mThreadedCtrl-13 ] [info] [37;1mInsufficient sample[0m for model 0... waiting 60s
[2019-04-17 16:42:50.838] [[35;1m|++|[0mSelfPlayRecord-550] [info] Need: 50 for model: 0; Counter: 24; Selfplay_init_num: 50; Selfplay_update_num: 100; Num_weight_update: 0; 
[2019-04-17 16:42:50.838] [[35;1m|++|[0mThreadedCtrl-13 ] [info] [37;1mInsufficient sample[0m for model 0... waiting 60s
[2019-04-17 16:43:50.840] [[35;1m|++|[0mSelfPlayRecord-550] [info] Need: 50 for model: 0; Counter: 24; Selfplay_init_num: 50; Selfplay_update_num: 100; Num_weight_update: 0; 
[2019-04-17 16:43:50.840] [[35;1m|++|[0mThreadedCtrl-13 ] [info] [37;1mInsufficient sample[0m for model 0... waiting 60s
[2019-04-17 16:44:50.862] [[35;1m|++|[0mSelfPlayRecord-550] [info] Need: 50 for model: 0; Counter: 24; Selfplay_init_num: 50; Selfplay_update_num: 100; Num_weight_update: 0; 
[2019-04-17 16:44:50.862] [[35;1m|++|[0mThreadedCtrl-13 ] [info] [37;1mInsufficient sample[0m for model 0... waiting 60s
[2019-04-17 16:45:50.862] [[35;1m|++|[0mSelfPlayRecord-550] [info] Need: 50 for model: 0; Counter: 24; Selfplay_init_num: 50; Selfplay_update_num: 100; Num_weight_update: 0; 
[2019-04-17 16:45:50.862] [[35;1m|++|[0mThreadedCtrl-13 ] [info] [37;1mInsufficient sample[0m for model 0... waiting 60s
[2019-04-17 16:46:50.867] [[35;1m|++|[0mSelfPlayRecord-550] [info] Need: 50 for model: 0; Counter: 24; Selfplay_init_num: 50; Selfplay_update_num: 100; Num_weight_update: 0; 
[2019-04-17 16:46:50.867] [[35;1m|++|[0mThreadedCtrl-13 ] [info] [37;1mInsufficient sample[0m for model 0... waiting 60s
[2019-04-17 16:47:50.868] [[35;1m|++|[0mSelfPlayRecord-550] [info] Need: 50 for model: 0; Counter: 24; Selfplay_init_num: 50; Selfplay_update_num: 100; Num_weight_update: 0; 
[2019-04-17 16:47:50.868] [[35;1m|++|[0mThreadedCtrl-13 ] [info] [37;1mInsufficient sample[0m for model 0... waiting 60s
[2019-04-17 16:48:50.883] [[35;1m|++|[0mSelfPlayRecord-550] [info] Need: 50 for model: 0; Counter: 24; Selfplay_init_num: 50; Selfplay_update_num: 100; Num_weight_update: 0; 
[2019-04-17 16:48:50.883] [[35;1m|++|[0mThreadedCtrl-13 ] [info] [37;1mInsufficient sample[0m for model 0... waiting 60s
[2019-04-17 16:49:50.886] [[35;1m|++|[0mSelfPlayRecord-550] [info] Need: 50 for model: 0; Counter: 24; Selfplay_init_num: 50; Selfplay_update_num: 100; Num_weight_update: 0; 
[2019-04-17 16:49:50.886] [[35;1m|++|[0mThreadedCtrl-13 ] [info] [37;1mInsufficient sample[0m for model 0... waiting 60s
[2019-04-17 16:50:50.890] [[35;1m|++|[0mSelfPlayRecord-550] [info] Need: 50 for model: 0; Counter: 24; Selfplay_init_num: 50; Selfplay_update_num: 100; Num_weight_update: 0; 
[2019-04-17 16:50:50.890] [[35;1m|++|[0mThreadedCtrl-13 ] [info] [37;1mInsufficient sample[0m for model 0... waiting 60s
[2019-04-17 16:51:50.890] [[35;1m|++|[0mSelfPlayRecord-550] [info] Need: 50 for model: 0; Counter: 24; Selfplay_init_num: 50; Selfplay_update_num: 100; Num_weight_update: 0; 
[2019-04-17 16:51:50.890] [[35;1m|++|[0mThreadedCtrl-13 ] [info] [37;1mInsufficient sample[0m for model 0... waiting 60s
[2019-04-17 16:52:50.893] [[35;1m|++|[0mSelfPlayRecord-550] [info] Need: 50 for model: 0; Counter: 24; Selfplay_init_num: 50; Selfplay_update_num: 100; Num_weight_update: 0; 
[2019-04-17 16:52:50.893] [[35;1m|++|[0mThreadedCtrl-13 ] [info] [37;1mInsufficient sample[0m for model 0... waiting 60s
[2019-04-17 16:53:50.893] [[35;1m|++|[0mSelfPlayRecord-550] [info] Need: 50 for model: 0; Counter: 24; Selfplay_init_num: 50; Selfplay_update_num: 100; Num_weight_update: 0; 
[2019-04-17 16:53:50.893] [[35;1m|++|[0mThreadedCtrl-13 ] [info] [37;1mInsufficient sample[0m for model 0... waiting 60s
[2019-04-17 16:54:50.903] [[35;1m|++|[0mSelfPlayRecord-550] [info] Need: 50 for model: 0; Counter: 24; Selfplay_init_num: 50; Selfplay_update_num: 100; Num_weight_update: 0; 
[2019-04-17 16:54:50.903] [[35;1m|++|[0mThreadedCtrl-13 ] [info] [37;1mInsufficient sample[0m for model 0... waiting 60s
[2019-04-17 16:55:50.903] [[35;1m|++|[0mSelfPlayRecord-550] [info] Need: 50 for model: 0; Counter: 24; Selfplay_init_num: 50; Selfplay_update_num: 100; Num_weight_update: 0; 
[2019-04-17 16:55:50.903] [[35;1m|++|[0mThreadedCtrl-13 ] [info] [37;1mInsufficient sample[0m for model 0... waiting 60s
[2019-04-17 16:56:50.903] [[35;1m|++|[0mSelfPlayRecord-550] [info] Need: 50 for model: 0; Counter: 24; Selfplay_init_num: 50; Selfplay_update_num: 100; Num_weight_update: 0; 
[2019-04-17 16:56:50.903] [[35;1m|++|[0mThreadedCtrl-13 ] [info] [37;1mInsufficient sample[0m for model 0... waiting 60s
[2019-04-17 16:57:50.905] [[35;1m|++|[0mSelfPlayRecord-550] [info] Need: 50 for model: 0; Counter: 24; Selfplay_init_num: 50; Selfplay_update_num: 100; Num_weight_update: 0; 
[2019-04-17 16:57:50.905] [[35;1m|++|[0mThreadedCtrl-13 ] [info] [37;1mInsufficient sample[0m for model 0... waiting 60s
[2019-04-17 16:58:50.906] [[35;1m|++|[0mSelfPlayRecord-550] [info] Need: 50 for model: 0; Counter: 24; Selfplay_init_num: 50; Selfplay_update_num: 100; Num_weight_update: 0; 
[2019-04-17 16:58:50.906] [[35;1m|++|[0mThreadedCtrl-13 ] [info] [37;1mInsufficient sample[0m for model 0... waiting 60s
[2019-04-17 16:59:50.906] [[35;1m|++|[0mSelfPlayRecord-550] [info] Need: 50 for model: 0; Counter: 24; Selfplay_init_num: 50; Selfplay_update_num: 100; Num_weight_update: 0; 
[2019-04-17 16:59:50.906] [[35;1m|++|[0mThreadedCtrl-13 ] [info] [37;1mInsufficient sample[0m for model 0... waiting 60s
[2019-04-17 17:00:50.908] [[35;1m|++|[0mSelfPlayRecord-550] [info] Need: 50 for model: 0; Counter: 24; Selfplay_init_num: 50; Selfplay_update_num: 100; Num_weight_update: 0; 
[2019-04-17 17:00:50.909] [[35;1m|++|[0mThreadedCtrl-13 ] [info] [37;1mInsufficient sample[0m for model 0... waiting 60s
[2019-04-17 17:01:50.909] [[35;1m|++|[0mSelfPlayRecord-550] [info] Need: 50 for model: 0; Counter: 24; Selfplay_init_num: 50; Selfplay_update_num: 100; Num_weight_update: 0; 
[2019-04-17 17:01:50.909] [[35;1m|++|[0mThreadedCtrl-13 ] [info] [37;1mInsufficient sample[0m for model 0... waiting 60s
[2019-04-17 17:02:50.911] [[35;1m|++|[0mSelfPlayRecord-550] [info] Need: 50 for model: 0; Counter: 24; Selfplay_init_num: 50; Selfplay_update_num: 100; Num_weight_update: 0; 
[2019-04-17 17:02:50.911] [[35;1m|++|[0mThreadedCtrl-13 ] [info] [37;1mInsufficient sample[0m for model 0... waiting 60s
[2019-04-17 17:03:30.482] [[35;1m|++|[0mTrainCtrl-11 ] [info] TrainCtrl: Receive data[300] from local-andrey-rl-new-9fb9-7475-d2f-dd4b, #state_update: 7, #records: 0, #valid_selfplay: 0, #valid_eval: 0
[2019-04-17 17:03:30.482] [[35;1m|++|[0mDataOnlineLoader-17 ] [info] last_identity: local-andrey-rl-new-9fb9-7475-d2f-dd4b, #msg: 24 #client: 0, Msg count: 300, avg msg size: 0, failed count: 0
[2019-04-17 17:03:50.916] [[35;1m|++|[0mSelfPlayRecord-550] [info] Need: 50 for model: 0; Counter: 24; Selfplay_init_num: 50; Selfplay_update_num: 100; Num_weight_update: 0; 
[2019-04-17 17:03:50.916] [[35;1m|++|[0mThreadedCtrl-13 ] [info] [37;1mInsufficient sample[0m for model 0... waiting 60s
[2019-04-17 17:04:50.918] [[35;1m|++|[0mSelfPlayRecord-550] [info] Need: 50 for model: 0; Counter: 24; Selfplay_init_num: 50; Selfplay_update_num: 100; Num_weight_update: 0; 
[2019-04-17 17:04:50.918] [[35;1m|++|[0mThreadedCtrl-13 ] [info] [37;1mInsufficient sample[0m for model 0... waiting 60s
[2019-04-17 17:05:50.921] [[35;1m|++|[0mSelfPlayRecord-550] [info] Need: 50 for model: 0; Counter: 24; Selfplay_init_num: 50; Selfplay_update_num: 100; Num_weight_update: 0; 
[2019-04-17 17:05:50.921] [[35;1m|++|[0mThreadedCtrl-13 ] [info] [37;1mInsufficient sample[0m for model 0... waiting 60s
[2019-04-17 17:06:50.921] [[35;1m|++|[0mSelfPlayRecord-550] [info] Need: 50 for model: 0; Counter: 24; Selfplay_init_num: 50; Selfplay_update_num: 100; Num_weight_update: 0; 
[2019-04-17 17:06:50.921] [[35;1m|++|[0mThreadedCtrl-13 ] [info] [37;1mInsufficient sample[0m for model 0... waiting 60s
[2019-04-17 17:07:50.956] [[35;1m|++|[0mSelfPlayRecord-550] [info] Need: 50 for model: 0; Counter: 24; Selfplay_init_num: 50; Selfplay_update_num: 100; Num_weight_update: 0; 
[2019-04-17 17:07:50.956] [[35;1m|++|[0mThreadedCtrl-13 ] [info] [37;1mInsufficient sample[0m for model 0... waiting 60s
[2019-04-17 17:08:50.956] [[35;1m|++|[0mSelfPlayRecord-550] [info] Need: 50 for model: 0; Counter: 24; Selfplay_init_num: 50; Selfplay_update_num: 100; Num_weight_update: 0; 
[2019-04-17 17:08:50.956] [[35;1m|++|[0mThreadedCtrl-13 ] [info] [37;1mInsufficient sample[0m for model 0... waiting 60s
[2019-04-17 17:09:50.956] [[35;1m|++|[0mSelfPlayRecord-550] [info] Need: 50 for model: 0; Counter: 24; Selfplay_init_num: 50; Selfplay_update_num: 100; Num_weight_update: 0; 
[2019-04-17 17:09:50.956] [[35;1m|++|[0mThreadedCtrl-13 ] [info] [37;1mInsufficient sample[0m for model 0... waiting 60s
[2019-04-17 17:10:50.965] [[35;1m|++|[0mSelfPlayRecord-550] [info] Need: 50 for model: 0; Counter: 24; Selfplay_init_num: 50; Selfplay_update_num: 100; Num_weight_update: 0; 
[2019-04-17 17:10:50.965] [[35;1m|++|[0mThreadedCtrl-13 ] [info] [37;1mInsufficient sample[0m for model 0... waiting 60s
[2019-04-17 17:11:50.965] [[35;1m|++|[0mSelfPlayRecord-550] [info] Need: 50 for model: 0; Counter: 32; Selfplay_init_num: 50; Selfplay_update_num: 100; Num_weight_update: 0; 
[2019-04-17 17:11:50.965] [[35;1m|++|[0mThreadedCtrl-13 ] [info] [37;1mInsufficient sample[0m for model 0... waiting 60s
[2019-04-17 17:12:50.965] [[35;1m|++|[0mSelfPlayRecord-550] [info] Need: 50 for model: 0; Counter: 32; Selfplay_init_num: 50; Selfplay_update_num: 100; Num_weight_update: 0; 
[2019-04-17 17:12:50.965] [[35;1m|++|[0mThreadedCtrl-13 ] [info] [37;1mInsufficient sample[0m for model 0... waiting 60s
[2019-04-17 17:13:50.968] [[35;1m|++|[0mSelfPlayRecord-550] [info] Need: 50 for model: 0; Counter: 32; Selfplay_init_num: 50; Selfplay_update_num: 100; Num_weight_update: 0; 
[2019-04-17 17:13:50.968] [[35;1m|++|[0mThreadedCtrl-13 ] [info] [37;1mInsufficient sample[0m for model 0... waiting 60s
[2019-04-17 17:14:50.976] [[35;1m|++|[0mSelfPlayRecord-550] [info] Need: 50 for model: 0; Counter: 46; Selfplay_init_num: 50; Selfplay_update_num: 100; Num_weight_update: 0; 
[2019-04-17 17:14:50.976] [[35;1m|++|[0mThreadedCtrl-13 ] [info] [37;1mInsufficient sample[0m for model 0... waiting 60s
[2019-04-17 17:15:50.977] [[35;1m|++|[0mSelfPlayRecord-550] [info] Need: 50 for model: 0; Counter: 46; Selfplay_init_num: 50; Selfplay_update_num: 100; Num_weight_update: 0; 
[2019-04-17 17:15:50.977] [[35;1m|++|[0mThreadedCtrl-13 ] [info] [37;1mInsufficient sample[0m for model 0... waiting 60s
[2019-04-17 17:16:50.977] [[35;1m|++|[0mSelfPlayRecord-550] [info] Need: 50 for model: 0; Counter: 48; Selfplay_init_num: 50; Selfplay_update_num: 100; Num_weight_update: 0; 
[2019-04-17 17:16:50.977] [[35;1m|++|[0mThreadedCtrl-13 ] [info] [37;1mInsufficient sample[0m for model 0... waiting 60s
[2019-04-17 17:17:50.977] [[35;1m|++|[0mSelfPlayRecord-550] [info] Need: 50 for model: 0; Counter: 48; Selfplay_init_num: 50; Selfplay_update_num: 100; Num_weight_update: 0; 
[2019-04-17 17:17:50.977] [[35;1m|++|[0mThreadedCtrl-13 ] [info] [37;1mInsufficient sample[0m for model 0... waiting 60s
[2019-04-17 17:18:50.977] [[35;1m|++|[0mSelfPlayRecord-550] [info] Need: 50 for model: 0; Counter: 48; Selfplay_init_num: 50; Selfplay_update_num: 100; Num_weight_update: 0; 
[2019-04-17 17:18:50.977] [[35;1m|++|[0mThreadedCtrl-13 ] [info] [37;1mInsufficient sample[0m for model 0... waiting 60s
[2019-04-17 17:19:50.979] [[35;1m|++|[0mSelfPlayRecord-550] [info] Need: 50 for model: 0; Counter: 48; Selfplay_init_num: 50; Selfplay_update_num: 100; Num_weight_update: 0; 
[2019-04-17 17:19:50.979] [[35;1m|++|[0mThreadedCtrl-13 ] [info] [37;1mInsufficient sample[0m for model 0... waiting 60s
[2019-04-17 17:20:50.985] [[35;1m|++|[0mSelfPlayRecord-550] [info] Need: 50 for model: 0; Counter: 48; Selfplay_init_num: 50; Selfplay_update_num: 100; Num_weight_update: 0; 
[2019-04-17 17:20:50.985] [[35;1m|++|[0mThreadedCtrl-13 ] [info] [37;1mInsufficient sample[0m for model 0... waiting 60s
[2019-04-17 17:21:50.994] [[35;1m|++|[0mSelfPlayRecord-550] [info] Need: 50 for model: 0; Counter: 48; Selfplay_init_num: 50; Selfplay_update_num: 100; Num_weight_update: 0; 
[2019-04-17 17:21:50.994] [[35;1m|++|[0mThreadedCtrl-13 ] [info] [37;1mInsufficient sample[0m for model 0... waiting 60s
[2019-04-17 17:22:50.995] [[35;1m|++|[0mSelfPlayRecord-550] [info] Need: 50 for model: 0; Counter: 48; Selfplay_init_num: 50; Selfplay_update_num: 100; Num_weight_update: 0; 
[2019-04-17 17:22:50.995] [[35;1m|++|[0mThreadedCtrl-13 ] [info] [37;1mInsufficient sample[0m for model 0... waiting 60s
[2019-04-17 17:23:50.996] [[35;1m|++|[0mSelfPlayRecord-550] [info] Need: 50 for model: 0; Counter: 48; Selfplay_init_num: 50; Selfplay_update_num: 100; Num_weight_update: 0; 
[2019-04-17 17:23:50.997] [[35;1m|++|[0mThreadedCtrl-13 ] [info] [37;1mInsufficient sample[0m for model 0... waiting 60s
[2019-04-17 17:24:50.997] [[35;1m|++|[0mSelfPlayRecord-550] [info] Need: 50 for model: 0; Counter: 48; Selfplay_init_num: 50; Selfplay_update_num: 100; Num_weight_update: 0; 
[2019-04-17 17:24:50.997] [[35;1m|++|[0mThreadedCtrl-13 ] [info] [37;1mInsufficient sample[0m for model 0... waiting 60s
[2019-04-17 17:25:51.000] [[35;1m|++|[0mSelfPlayRecord-550] [info] Need: 50 for model: 0; Counter: 48; Selfplay_init_num: 50; Selfplay_update_num: 100; Num_weight_update: 0; 
[2019-04-17 17:25:51.000] [[35;1m|++|[0mThreadedCtrl-13 ] [info] [37;1mInsufficient sample[0m for model 0... waiting 60s
[2019-04-17 17:26:51.001] [[35;1m|++|[0mSelfPlayRecord-550] [info] Need: 50 for model: 0; Counter: 48; Selfplay_init_num: 50; Selfplay_update_num: 100; Num_weight_update: 0; 
[2019-04-17 17:26:51.001] [[35;1m|++|[0mThreadedCtrl-13 ] [info] [37;1mInsufficient sample[0m for model 0... waiting 60s
[2019-04-17 17:27:51.004] [[35;1m|++|[0mSelfPlayRecord-550] [info] Need: 50 for model: 0; Counter: 48; Selfplay_init_num: 50; Selfplay_update_num: 100; Num_weight_update: 0; 
[2019-04-17 17:27:51.004] [[35;1m|++|[0mThreadedCtrl-13 ] [info] [37;1mInsufficient sample[0m for model 0... waiting 60s
[2019-04-17 17:28:51.005] [[35;1m|++|[0mSelfPlayRecord-550] [info] Need: 50 for model: 0; Counter: 48; Selfplay_init_num: 50; Selfplay_update_num: 100; Num_weight_update: 0; 
[2019-04-17 17:28:51.005] [[35;1m|++|[0mThreadedCtrl-13 ] [info] [37;1mInsufficient sample[0m for model 0... waiting 60s
[2019-04-17 17:29:51.006] [[35;1m|++|[0mSelfPlayRecord-550] [info] Need: 50 for model: 0; Counter: 48; Selfplay_init_num: 50; Selfplay_update_num: 100; Num_weight_update: 0; 
[2019-04-17 17:29:51.006] [[35;1m|++|[0mThreadedCtrl-13 ] [info] [37;1mInsufficient sample[0m for model 0... waiting 60s
[2019-04-17 17:30:51.006] [[35;1m|++|[0mSelfPlayRecord-550] [info] Need: 50 for model: 0; Counter: 48; Selfplay_init_num: 50; Selfplay_update_num: 100; Num_weight_update: 0; 
[2019-04-17 17:30:51.006] [[35;1m|++|[0mThreadedCtrl-13 ] [info] [37;1mInsufficient sample[0m for model 0... waiting 60s
[2019-04-17 17:31:51.008] [[35;1m|++|[0mSelfPlayRecord-550] [info] Need: 50 for model: 0; Counter: 48; Selfplay_init_num: 50; Selfplay_update_num: 100; Num_weight_update: 0; 
[2019-04-17 17:31:51.008] [[35;1m|++|[0mThreadedCtrl-13 ] [info] [37;1mInsufficient sample[0m for model 0... waiting 60s
[2019-04-17 17:32:51.010] [[35;1m|++|[0mSelfPlayRecord-550] [info] Need: 50 for model: 0; Counter: 48; Selfplay_init_num: 50; Selfplay_update_num: 100; Num_weight_update: 0; 
[2019-04-17 17:32:51.010] [[35;1m|++|[0mThreadedCtrl-13 ] [info] [37;1mInsufficient sample[0m for model 0... waiting 60s
[2019-04-17 17:33:51.010] [[35;1m|++|[0mSelfPlayRecord-550] [info] Need: 50 for model: 0; Counter: 48; Selfplay_init_num: 50; Selfplay_update_num: 100; Num_weight_update: 0; 
[2019-04-17 17:33:51.010] [[35;1m|++|[0mThreadedCtrl-13 ] [info] [37;1mInsufficient sample[0m for model 0... waiting 60s
[2019-04-17 17:34:51.010] [[35;1m|++|[0mSelfPlayRecord-550] [info] Need: 50 for model: 0; Counter: 48; Selfplay_init_num: 50; Selfplay_update_num: 100; Num_weight_update: 0; 
[2019-04-17 17:34:51.010] [[35;1m|++|[0mThreadedCtrl-13 ] [info] [37;1mInsufficient sample[0m for model 0... waiting 60s
[2019-04-17 17:35:51.010] [[35;1m|++|[0mSelfPlayRecord-550] [info] Need: 50 for model: 0; Counter: 48; Selfplay_init_num: 50; Selfplay_update_num: 100; Num_weight_update: 0; 
[2019-04-17 17:35:51.011] [[35;1m|++|[0mThreadedCtrl-13 ] [info] [37;1mInsufficient sample[0m for model 0... waiting 60s
[2019-04-17 17:36:51.012] [[35;1m|++|[0mSelfPlayRecord-550] [info] Need: 50 for model: 0; Counter: 48; Selfplay_init_num: 50; Selfplay_update_num: 100; Num_weight_update: 0; 
[2019-04-17 17:36:51.012] [[35;1m|++|[0mThreadedCtrl-13 ] [info] [37;1mInsufficient sample[0m for model 0... waiting 60s
[2019-04-17 17:37:51.012] [[35;1m|++|[0mSelfPlayRecord-550] [info] Need: 50 for model: 0; Counter: 48; Selfplay_init_num: 50; Selfplay_update_num: 100; Num_weight_update: 0; 
[2019-04-17 17:37:51.012] [[35;1m|++|[0mThreadedCtrl-13 ] [info] [37;1mInsufficient sample[0m for model 0... waiting 60s
[2019-04-17 17:38:51.012] [[35;1m|++|[0mSelfPlayRecord-550] [info] Need: 50 for model: 0; Counter: 48; Selfplay_init_num: 50; Selfplay_update_num: 100; Num_weight_update: 0; 
[2019-04-17 17:38:51.012] [[35;1m|++|[0mThreadedCtrl-13 ] [info] [37;1mInsufficient sample[0m for model 0... waiting 60s
[2019-04-17 17:39:21.281] [[35;1m|++|[0mTrainCtrl-11 ] [info] TrainCtrl: Receive data[400] from local-andrey-rl-new-f53-4766-a0fd-edc2, #state_update: 8, #records: 0, #valid_selfplay: 0, #valid_eval: 0
[2019-04-17 17:39:21.281] [[35;1m|++|[0mDataOnlineLoader-17 ] [info] last_identity: local-andrey-rl-new-f53-4766-a0fd-edc2, #msg: 48 #client: 0, Msg count: 400, avg msg size: 0, failed count: 0
[2019-04-17 17:39:51.012] [[35;1m|++|[0mSelfPlayRecord-550] [info] Need: 50 for model: 0; Counter: 48; Selfplay_init_num: 50; Selfplay_update_num: 100; Num_weight_update: 0; 
[2019-04-17 17:39:51.013] [[35;1m|++|[0mThreadedCtrl-13 ] [info] [37;1mInsufficient sample[0m for model 0... waiting 60s
[2019-04-17 17:40:51.013] [[35;1m|++|[0mSelfPlayRecord-550] [info] Need: 50 for model: 0; Counter: 48; Selfplay_init_num: 50; Selfplay_update_num: 100; Num_weight_update: 0; 
[2019-04-17 17:40:51.013] [[35;1m|++|[0mThreadedCtrl-13 ] [info] [37;1mInsufficient sample[0m for model 0... waiting 60s
[2019-04-17 17:41:51.013] [[35;1m|++|[0mSelfPlayRecord-550] [info] Need: 50 for model: 0; Counter: 48; Selfplay_init_num: 50; Selfplay_update_num: 100; Num_weight_update: 0; 
[2019-04-17 17:41:51.013] [[35;1m|++|[0mThreadedCtrl-13 ] [info] [37;1mInsufficient sample[0m for model 0... waiting 60s
[2019-04-17 17:42:51.013] [[35;1m|++|[0mSelfPlayRecord-550] [info] Need: 50 for model: 0; Counter: 48; Selfplay_init_num: 50; Selfplay_update_num: 100; Num_weight_update: 0; 
[2019-04-17 17:42:51.013] [[35;1m|++|[0mThreadedCtrl-13 ] [info] [37;1mInsufficient sample[0m for model 0... waiting 60s
[2019-04-17 17:43:51.016] [[35;1m|++|[0mSelfPlayRecord-550] [info] Need: 50 for model: 0; Counter: 48; Selfplay_init_num: 50; Selfplay_update_num: 100; Num_weight_update: 0; 
[2019-04-17 17:43:51.016] [[35;1m|++|[0mThreadedCtrl-13 ] [info] [37;1mInsufficient sample[0m for model 0... waiting 60s
[2019-04-17 17:44:51.016] [[35;1m|++|[0mSelfPlayRecord-550] [info] Need: 50 for model: 0; Counter: 48; Selfplay_init_num: 50; Selfplay_update_num: 100; Num_weight_update: 0; 
[2019-04-17 17:44:51.016] [[35;1m|++|[0mThreadedCtrl-13 ] [info] [37;1mInsufficient sample[0m for model 0... waiting 60s
[2019-04-17 17:45:51.020] [[35;1m|++|[0mSelfPlayRecord-550] [info] Need: 50 for model: 0; Counter: 48; Selfplay_init_num: 50; Selfplay_update_num: 100; Num_weight_update: 0; 
[2019-04-17 17:45:51.020] [[35;1m|++|[0mThreadedCtrl-13 ] [info] [37;1mInsufficient sample[0m for model 0... waiting 60s
[2019-04-17 17:46:51.020] [[35;1m|++|[0mSelfPlayRecord-550] [info] Need: 50 for model: 0; Counter: 48; Selfplay_init_num: 50; Selfplay_update_num: 100; Num_weight_update: 0; 
[2019-04-17 17:46:51.020] [[35;1m|++|[0mThreadedCtrl-13 ] [info] [37;1mInsufficient sample[0m for model 0... waiting 60s
[2019-04-17 17:47:51.022] [[35;1m|++|[0mSelfPlayRecord-550] [info] Need: 50 for model: 0; Counter: 48; Selfplay_init_num: 50; Selfplay_update_num: 100; Num_weight_update: 0; 
[2019-04-17 17:47:51.022] [[35;1m|++|[0mThreadedCtrl-13 ] [info] [37;1mInsufficient sample[0m for model 0... waiting 60s
[2019-04-17 17:48:51.022] [[35;1m|++|[0mSelfPlayRecord-550] [info] Need: 50 for model: 0; Counter: 48; Selfplay_init_num: 50; Selfplay_update_num: 100; Num_weight_update: 0; 
[2019-04-17 17:48:51.022] [[35;1m|++|[0mThreadedCtrl-13 ] [info] [37;1mInsufficient sample[0m for model 0... waiting 60s
[2019-04-17 17:49:51.023] [[35;1m|++|[0mSelfPlayRecord-550] [info] Need: 50 for model: 0; Counter: 48; Selfplay_init_num: 50; Selfplay_update_num: 100; Num_weight_update: 0; 
[2019-04-17 17:49:51.023] [[35;1m|++|[0mThreadedCtrl-13 ] [info] [37;1mInsufficient sample[0m for model 0... waiting 60s
[2019-04-17 17:50:51.023] [[35;1m|++|[0mSelfPlayRecord-550] [info] Need: 50 for model: 0; Counter: 48; Selfplay_init_num: 50; Selfplay_update_num: 100; Num_weight_update: 0; 
[2019-04-17 17:50:51.023] [[35;1m|++|[0mThreadedCtrl-13 ] [info] [37;1mInsufficient sample[0m for model 0... waiting 60s
[2019-04-17 17:51:51.023] [[35;1m|++|[0mSelfPlayRecord-550] [info] Need: 50 for model: 0; Counter: 48; Selfplay_init_num: 50; Selfplay_update_num: 100; Num_weight_update: 0; 
[2019-04-17 17:51:51.023] [[35;1m|++|[0mThreadedCtrl-13 ] [info] [37;1mInsufficient sample[0m for model 0... waiting 60s
[2019-04-17 17:52:51.023] [[35;1m|++|[0mSelfPlayRecord-550] [info] Need: 50 for model: 0; Counter: 48; Selfplay_init_num: 50; Selfplay_update_num: 100; Num_weight_update: 0; 
[2019-04-17 17:52:51.023] [[35;1m|++|[0mThreadedCtrl-13 ] [info] [37;1mInsufficient sample[0m for model 0... waiting 60s
[2019-04-17 17:53:51.023] [[35;1m|++|[0mSelfPlayRecord-550] [info] Need: 50 for model: 0; Counter: 48; Selfplay_init_num: 50; Selfplay_update_num: 100; Num_weight_update: 0; 
[2019-04-17 17:53:51.023] [[35;1m|++|[0mThreadedCtrl-13 ] [info] [37;1mInsufficient sample[0m for model 0... waiting 60s
[2019-04-17 17:54:51.023] [[35;1m|++|[0mSelfPlayRecord-550] [info] Need: 50 for model: 0; Counter: 48; Selfplay_init_num: 50; Selfplay_update_num: 100; Num_weight_update: 0; 
[2019-04-17 17:54:51.023] [[35;1m|++|[0mThreadedCtrl-13 ] [info] [37;1mInsufficient sample[0m for model 0... waiting 60s
[2019-04-17 17:55:51.023] [[35;1m|++|[0mSelfPlayRecord-550] [info] Need: 50 for model: 0; Counter: 48; Selfplay_init_num: 50; Selfplay_update_num: 100; Num_weight_update: 0; 
[2019-04-17 17:55:51.024] [[35;1m|++|[0mThreadedCtrl-13 ] [info] [37;1mInsufficient sample[0m for model 0... waiting 60s
[2019-04-17 17:56:51.024] [[35;1m|++|[0mSelfPlayRecord-550] [info] Need: 50 for model: 0; Counter: 48; Selfplay_init_num: 50; Selfplay_update_num: 100; Num_weight_update: 0; 
[2019-04-17 17:56:51.024] [[35;1m|++|[0mThreadedCtrl-13 ] [info] [37;1mInsufficient sample[0m for model 0... waiting 60s
[2019-04-17 17:57:51.025] [[35;1m|++|[0mSelfPlayRecord-550] [info] Need: 50 for model: 0; Counter: 48; Selfplay_init_num: 50; Selfplay_update_num: 100; Num_weight_update: 0; 
[2019-04-17 17:57:51.025] [[35;1m|++|[0mThreadedCtrl-13 ] [info] [37;1mInsufficient sample[0m for model 0... waiting 60s
[2019-04-17 17:58:51.049] [[35;1m|++|[0mSelfPlayRecord-550] [info] Need: 50 for model: 0; Counter: 48; Selfplay_init_num: 50; Selfplay_update_num: 100; Num_weight_update: 0; 
[2019-04-17 17:58:51.049] [[35;1m|++|[0mThreadedCtrl-13 ] [info] [37;1mInsufficient sample[0m for model 0... waiting 60s
[2019-04-17 17:59:51.050] [[35;1m|++|[0mSelfPlayRecord-550] [info] Need: 50 for model: 0; Counter: 48; Selfplay_init_num: 50; Selfplay_update_num: 100; Num_weight_update: 0; 
[2019-04-17 17:59:51.050] [[35;1m|++|[0mThreadedCtrl-13 ] [info] [37;1mInsufficient sample[0m for model 0... waiting 60s
[2019-04-17 18:00:51.062] [[35;1m|++|[0mSelfPlayRecord-550] [info] Need: 50 for model: 0; Counter: 48; Selfplay_init_num: 50; Selfplay_update_num: 100; Num_weight_update: 0; 
[2019-04-17 18:00:51.062] [[35;1m|++|[0mThreadedCtrl-13 ] [info] [37;1mInsufficient sample[0m for model 0... waiting 60s
[2019-04-17 18:01:51.062] [[35;1m|++|[0mSelfPlayRecord-550] [info] Need: 50 for model: 0; Counter: 48; Selfplay_init_num: 50; Selfplay_update_num: 100; Num_weight_update: 0; 
[2019-04-17 18:01:51.062] [[35;1m|++|[0mThreadedCtrl-13 ] [info] [37;1mInsufficient sample[0m for model 0... waiting 60s
[2019-04-17 18:02:51.062] [[35;1m|++|[0mSelfPlayRecord-550] [info] Need: 50 for model: 0; Counter: 48; Selfplay_init_num: 50; Selfplay_update_num: 100; Num_weight_update: 0; 
[2019-04-17 18:02:51.062] [[35;1m|++|[0mThreadedCtrl-13 ] [info] [37;1mInsufficient sample[0m for model 0... waiting 60s
[2019-04-17 18:03:51.063] [[35;1m|++|[0mSelfPlayRecord-550] [info] Need: 50 for model: 0; Counter: 48; Selfplay_init_num: 50; Selfplay_update_num: 100; Num_weight_update: 0; 
[2019-04-17 18:03:51.063] [[35;1m|++|[0mThreadedCtrl-13 ] [info] [37;1mInsufficient sample[0m for model 0... waiting 60s
[2019-04-17 18:04:51.063] [[35;1m|++|[0mSelfPlayRecord-550] [info] Need: 50 for model: 0; Counter: 48; Selfplay_init_num: 50; Selfplay_update_num: 100; Num_weight_update: 0; 
[2019-04-17 18:04:51.063] [[35;1m|++|[0mThreadedCtrl-13 ] [info] [37;1mInsufficient sample[0m for model 0... waiting 60s
[2019-04-17 18:05:51.065] [[35;1m|++|[0mSelfPlayRecord-550] [info] Need: 50 for model: 0; Counter: 48; Selfplay_init_num: 50; Selfplay_update_num: 100; Num_weight_update: 0; 
[2019-04-17 18:05:51.065] [[35;1m|++|[0mThreadedCtrl-13 ] [info] [37;1mInsufficient sample[0m for model 0... waiting 60s
[2019-04-17 18:06:51.065] [[35;1m|++|[0mSelfPlayRecord-550] [info] Need: 50 for model: 0; Counter: 48; Selfplay_init_num: 50; Selfplay_update_num: 100; Num_weight_update: 0; 
[2019-04-17 18:06:51.065] [[35;1m|++|[0mThreadedCtrl-13 ] [info] [37;1mInsufficient sample[0m for model 0... waiting 60s
[2019-04-17 18:07:51.069] [[35;1m|++|[0mSelfPlayRecord-550] [info] Need: 50 for model: 0; Counter: 48; Selfplay_init_num: 50; Selfplay_update_num: 100; Num_weight_update: 0; 
[2019-04-17 18:07:51.069] [[35;1m|++|[0mThreadedCtrl-13 ] [info] [37;1mInsufficient sample[0m for model 0... waiting 60s
[2019-04-17 18:08:51.071] [[35;1m|++|[0mSelfPlayRecord-550] [info] Need: 50 for model: 0; Counter: 48; Selfplay_init_num: 50; Selfplay_update_num: 100; Num_weight_update: 0; 
[2019-04-17 18:08:51.071] [[35;1m|++|[0mThreadedCtrl-13 ] [info] [37;1mInsufficient sample[0m for model 0... waiting 60s
[2019-04-17 18:09:51.082] [[35;1m|++|[0mSelfPlayRecord-550] [info] Need: 50 for model: 0; Counter: 48; Selfplay_init_num: 50; Selfplay_update_num: 100; Num_weight_update: 0; 
[2019-04-17 18:09:51.082] [[35;1m|++|[0mThreadedCtrl-13 ] [info] [37;1mInsufficient sample[0m for model 0... waiting 60s
[2019-04-17 18:10:51.084] [[35;1m|++|[0mSelfPlayRecord-550] [info] Need: 50 for model: 0; Counter: 48; Selfplay_init_num: 50; Selfplay_update_num: 100; Num_weight_update: 0; 
[2019-04-17 18:10:51.084] [[35;1m|++|[0mThreadedCtrl-13 ] [info] [37;1mInsufficient sample[0m for model 0... waiting 60s
[2019-04-17 18:11:51.085] [[35;1m|++|[0mSelfPlayRecord-550] [info] Need: 50 for model: 0; Counter: 48; Selfplay_init_num: 50; Selfplay_update_num: 100; Num_weight_update: 0; 
[2019-04-17 18:11:51.085] [[35;1m|++|[0mThreadedCtrl-13 ] [info] [37;1mInsufficient sample[0m for model 0... waiting 60s
[2019-04-17 18:12:51.085] [[35;1m|++|[0mSelfPlayRecord-550] [info] Need: 50 for model: 0; Counter: 48; Selfplay_init_num: 50; Selfplay_update_num: 100; Num_weight_update: 0; 
[2019-04-17 18:12:51.085] [[35;1m|++|[0mThreadedCtrl-13 ] [info] [37;1mInsufficient sample[0m for model 0... waiting 60s
[2019-04-17 18:13:51.085] [[35;1m|++|[0mSelfPlayRecord-550] [info] Need: 50 for model: 0; Counter: 55; Selfplay_init_num: 50; Selfplay_update_num: 100; Num_weight_update: 0; 
[2019-04-17 18:13:51.085] [[35;1m|++|[0mThreadedCtrl-13 ] [info] [32;1mSufficient[0m sample for model 0
[2019-04-17 18:13:51.085] [[31;1m|py|[0mrlpytorch.runner.SingleProcessRun-8  ] [info] [36;1m1 episode of 100000 started[0m, minibatch=512
[2019-04-17 18:16:52.908] [[35;1m|++|[0mTrainCtrl-11 ] [info] TrainCtrl: Receive data[500] from local-andrey-rl-new-9fb9-7475-d2f-dd4b, #state_update: 1, #records: 0, #valid_selfplay: 0, #valid_eval: 0
[2019-04-17 18:16:52.908] [[35;1m|++|[0mDataOnlineLoader-17 ] [info] last_identity: local-andrey-rl-new-9fb9-7475-d2f-dd4b, #msg: 59 #client: 0, Msg count: 500, avg msg size: 0, failed count: 0
[2019-04-17 18:54:23.823] [[35;1m|++|[0mTrainCtrl-11 ] [info] TrainCtrl: Receive data[600] from local-andrey-rl-new-9fb9-7475-d2f-dd4b, #state_update: 8, #records: 0, #valid_selfplay: 0, #valid_eval: 0
[2019-04-17 18:54:23.823] [[35;1m|++|[0mDataOnlineLoader-17 ] [info] last_identity: local-andrey-rl-new-9fb9-7475-d2f-dd4b, #msg: 72 #client: 0, Msg count: 600, avg msg size: 0, failed count: 0
[2019-04-17 19:29:54.984] [[35;1m|++|[0mTrainCtrl-11 ] [info] TrainCtrl: Receive data[700] from local-andrey-rl-new-965b-25c0-fb75-10b, #state_update: 8, #records: 0, #valid_selfplay: 0, #valid_eval: 0
[2019-04-17 19:29:54.984] [[35;1m|++|[0mDataOnlineLoader-17 ] [info] last_identity: local-andrey-rl-new-965b-25c0-fb75-10b, #msg: 96 #client: 0, Msg count: 700, avg msg size: 0, failed count: 0
[2019-04-17 20:08:25.552] [[35;1m|++|[0mTrainCtrl-11 ] [info] TrainCtrl: Receive data[800] from local-andrey-rl-new-9fb9-7475-d2f-dd4b, #state_update: 8, #records: 0, #valid_selfplay: 0, #valid_eval: 0
[2019-04-17 20:08:25.552] [[35;1m|++|[0mDataOnlineLoader-17 ] [info] last_identity: local-andrey-rl-new-9fb9-7475-d2f-dd4b, #msg: 96 #client: 0, Msg count: 800, avg msg size: 0, failed count: 0
[2019-04-17 20:17:55.828] [[35;1m|++|[0mSelfPlaySubCtrl-14 ] [info] SelfPlaySubCtrl: # total selfplays processed by feed(): 100, curr_version_model: 0
[2019-04-17 20:44:56.576] [[35;1m|++|[0mTrainCtrl-11 ] [info] TrainCtrl: Receive data[900] from local-andrey-rl-new-965b-25c0-fb75-10b, #state_update: 7, #records: 0, #valid_selfplay: 0, #valid_eval: 0
[2019-04-17 20:44:56.576] [[35;1m|++|[0mDataOnlineLoader-17 ] [info] last_identity: local-andrey-rl-new-965b-25c0-fb75-10b, #msg: 120 #client: 0, Msg count: 900, avg msg size: 0, failed count: 0
[2019-04-17 21:21:47.293] [[35;1m|++|[0mTrainCtrl-11 ] [info] TrainCtrl: Receive data[1000] from local-andrey-rl-new-f53-4766-a0fd-edc2, #state_update: 8, #records: 1, #valid_selfplay: 1, #valid_eval: 0
[2019-04-17 21:21:47.293] [[35;1m|++|[0mDataOnlineLoader-17 ] [info] last_identity: local-andrey-rl-new-f53-4766-a0fd-edc2, #msg: 132 #client: 0, Msg count: 1000, avg msg size: 0, failed count: 0
[2019-04-17 21:59:28.074] [[35;1m|++|[0mTrainCtrl-11 ] [info] TrainCtrl: Receive data[1100] from local-andrey-rl-new-f53-4766-a0fd-edc2, #state_update: 8, #records: 0, #valid_selfplay: 0, #valid_eval: 0
[2019-04-17 21:59:28.074] [[35;1m|++|[0mDataOnlineLoader-17 ] [info] last_identity: local-andrey-rl-new-f53-4766-a0fd-edc2, #msg: 144 #client: 0, Msg count: 1100, avg msg size: 0, failed count: 0
[2019-04-17 22:34:30.008] [[35;1m|++|[0mTrainCtrl-11 ] [info] TrainCtrl: Receive data[1200] from local-andrey-rl-new-965b-25c0-fb75-10b, #state_update: 8, #records: 0, #valid_selfplay: 0, #valid_eval: 0
[2019-04-17 22:34:30.008] [[35;1m|++|[0mDataOnlineLoader-17 ] [info] last_identity: local-andrey-rl-new-965b-25c0-fb75-10b, #msg: 168 #client: 0, Msg count: 1200, avg msg size: 0, failed count: 0
[2019-04-17 23:13:40.568] [[35;1m|++|[0mTrainCtrl-11 ] [info] TrainCtrl: Receive data[1300] from local-andrey-rl-new-9fb9-7475-d2f-dd4b, #state_update: 7, #records: 0, #valid_selfplay: 0, #valid_eval: 0
[2019-04-17 23:13:40.568] [[35;1m|++|[0mDataOnlineLoader-17 ] [info] last_identity: local-andrey-rl-new-9fb9-7475-d2f-dd4b, #msg: 168 #client: 0, Msg count: 1300, avg msg size: 0, failed count: 0
[2019-04-17 23:47:31.433] [[35;1m|++|[0mTrainCtrl-11 ] [info] TrainCtrl: Receive data[1400] from local-andrey-rl-new-965b-25c0-fb75-10b, #state_update: 7, #records: 0, #valid_selfplay: 0, #valid_eval: 0
[2019-04-17 23:47:31.433] [[35;1m|++|[0mDataOnlineLoader-17 ] [info] last_identity: local-andrey-rl-new-965b-25c0-fb75-10b, #msg: 192 #client: 0, Msg count: 1400, avg msg size: 0, failed count: 0
[2019-04-18 00:25:42.243] [[35;1m|++|[0mTrainCtrl-11 ] [info] TrainCtrl: Receive data[1500] from local-andrey-rl-new-f53-4766-a0fd-edc2, #state_update: 7, #records: 1, #valid_selfplay: 1, #valid_eval: 0
[2019-04-18 00:25:42.243] [[35;1m|++|[0mDataOnlineLoader-17 ] [info] last_identity: local-andrey-rl-new-f53-4766-a0fd-edc2, #msg: 195 #client: 0, Msg count: 1500, avg msg size: 0, failed count: 0
[2019-04-18 00:27:02.407] [[35;1m|++|[0mSelfPlaySubCtrl-14 ] [info] SelfPlaySubCtrl: # total selfplays processed by feed(): 200, curr_version_model: 0
[2019-04-18 01:00:43.168] [[35;1m|++|[0mTrainCtrl-11 ] [info] TrainCtrl: Receive data[1600] from local-andrey-rl-new-9fb9-7475-d2f-dd4b, #state_update: 8, #records: 0, #valid_selfplay: 0, #valid_eval: 0
[2019-04-18 01:00:43.168] [[35;1m|++|[0mDataOnlineLoader-17 ] [info] last_identity: local-andrey-rl-new-9fb9-7475-d2f-dd4b, #msg: 216 #client: 0, Msg count: 1600, avg msg size: 0, failed count: 0
[2019-04-18 01:34:44.073] [[35;1m|++|[0mTrainCtrl-11 ] [info] TrainCtrl: Receive data[1700] from local-andrey-rl-new-f53-4766-a0fd-edc2, #state_update: 8, #records: 0, #valid_selfplay: 0, #valid_eval: 0
[2019-04-18 01:34:44.073] [[35;1m|++|[0mDataOnlineLoader-17 ] [info] last_identity: local-andrey-rl-new-f53-4766-a0fd-edc2, #msg: 240 #client: 0, Msg count: 1700, avg msg size: 0, failed count: 0
[2019-04-18 02:13:44.604] [[35;1m|++|[0mTrainCtrl-11 ] [info] TrainCtrl: Receive data[1800] from local-andrey-rl-new-965b-25c0-fb75-10b, #state_update: 7, #records: 0, #valid_selfplay: 0, #valid_eval: 0
[2019-04-18 02:13:44.604] [[35;1m|++|[0mDataOnlineLoader-17 ] [info] last_identity: local-andrey-rl-new-965b-25c0-fb75-10b, #msg: 240 #client: 0, Msg count: 1800, avg msg size: 0, failed count: 0
[2019-04-18 02:47:46.782] [[35;1m|++|[0mTrainCtrl-11 ] [info] TrainCtrl: Receive data[1900] from local-andrey-rl-new-f53-4766-a0fd-edc2, #state_update: 8, #records: 0, #valid_selfplay: 0, #valid_eval: 0
[2019-04-18 02:47:46.782] [[35;1m|++|[0mDataOnlineLoader-17 ] [info] last_identity: local-andrey-rl-new-f53-4766-a0fd-edc2, #msg: 264 #client: 0, Msg count: 1900, avg msg size: 0, failed count: 0
[2019-04-18 03:26:47.374] [[35;1m|++|[0mTrainCtrl-11 ] [info] TrainCtrl: Receive data[2000] from local-andrey-rl-new-965b-25c0-fb75-10b, #state_update: 7, #records: 0, #valid_selfplay: 0, #valid_eval: 0
[2019-04-18 03:26:47.374] [[35;1m|++|[0mDataOnlineLoader-17 ] [info] last_identity: local-andrey-rl-new-965b-25c0-fb75-10b, #msg: 264 #client: 0, Msg count: 2000, avg msg size: 0, failed count: 0
[2019-04-18 04:00:08.350] [[35;1m|++|[0mTrainCtrl-11 ] [info] TrainCtrl: Receive data[2100] from local-andrey-rl-new-965b-25c0-fb75-10b, #state_update: 8, #records: 0, #valid_selfplay: 0, #valid_eval: 0
[2019-04-18 04:00:08.350] [[35;1m|++|[0mDataOnlineLoader-17 ] [info] last_identity: local-andrey-rl-new-965b-25c0-fb75-10b, #msg: 288 #client: 0, Msg count: 2100, avg msg size: 0, failed count: 0
[2019-04-18 04:35:39.194] [[35;1m|++|[0mSelfPlaySubCtrl-14 ] [info] SelfPlaySubCtrl: # total selfplays processed by feed(): 300, curr_version_model: 0
[2019-04-18 04:35:39.205] [[35;1m|++|[0mTrainCtrl-11 ] [info] TrainCtrl: Receive data[2200] from local-andrey-rl-new-f53-4766-a0fd-edc2, #state_update: 2, #records: 1, #valid_selfplay: 1, #valid_eval: 0
[2019-04-18 04:35:39.205] [[35;1m|++|[0mDataOnlineLoader-17 ] [info] last_identity: local-andrey-rl-new-f53-4766-a0fd-edc2, #msg: 302 #client: 0, Msg count: 2200, avg msg size: 0, failed count: 0
[2019-04-18 05:12:59.906] [[35;1m|++|[0mTrainCtrl-11 ] [info] TrainCtrl: Receive data[2300] from local-andrey-rl-new-9fb9-7475-d2f-dd4b, #state_update: 5, #records: 0, #valid_selfplay: 0, #valid_eval: 0
[2019-04-18 05:12:59.906] [[35;1m|++|[0mDataOnlineLoader-17 ] [info] last_identity: local-andrey-rl-new-9fb9-7475-d2f-dd4b, #msg: 312 #client: 0, Msg count: 2300, avg msg size: 0, failed count: 0
[2019-04-18 05:46:40.890] [[35;1m|++|[0mTrainCtrl-11 ] [info] TrainCtrl: Receive data[2400] from local-andrey-rl-new-f53-4766-a0fd-edc2, #state_update: 8, #records: 0, #valid_selfplay: 0, #valid_eval: 0
[2019-04-18 05:46:40.890] [[35;1m|++|[0mDataOnlineLoader-17 ] [info] last_identity: local-andrey-rl-new-f53-4766-a0fd-edc2, #msg: 336 #client: 0, Msg count: 2400, avg msg size: 0, failed count: 0
[2019-04-18 06:26:11.460] [[35;1m|++|[0mTrainCtrl-11 ] [info] TrainCtrl: Receive data[2500] from local-andrey-rl-new-9fb9-7475-d2f-dd4b, #state_update: 6, #records: 0, #valid_selfplay: 0, #valid_eval: 0
[2019-04-18 06:26:11.460] [[35;1m|++|[0mDataOnlineLoader-17 ] [info] last_identity: local-andrey-rl-new-9fb9-7475-d2f-dd4b, #msg: 336 #client: 0, Msg count: 2500, avg msg size: 0, failed count: 0
[2019-04-18 06:59:53.624] [[35;1m|++|[0mTrainCtrl-11 ] [info] TrainCtrl: Receive data[2600] from local-andrey-rl-new-965b-25c0-fb75-10b, #state_update: 7, #records: 0, #valid_selfplay: 0, #valid_eval: 0
[2019-04-18 06:59:53.624] [[35;1m|++|[0mDataOnlineLoader-17 ] [info] last_identity: local-andrey-rl-new-965b-25c0-fb75-10b, #msg: 360 #client: 0, Msg count: 2600, avg msg size: 0, failed count: 0
[2019-04-18 07:38:24.235] [[35;1m|++|[0mTrainCtrl-11 ] [info] TrainCtrl: Receive data[2700] from local-andrey-rl-new-965b-25c0-fb75-10b, #state_update: 7, #records: 0, #valid_selfplay: 0, #valid_eval: 0
[2019-04-18 07:38:24.235] [[35;1m|++|[0mDataOnlineLoader-17 ] [info] last_identity: local-andrey-rl-new-965b-25c0-fb75-10b, #msg: 361 #client: 0, Msg count: 2700, avg msg size: 0, failed count: 0
[2019-04-18 08:12:45.403] [[35;1m|++|[0mTrainCtrl-11 ] [info] TrainCtrl: Receive data[2800] from local-andrey-rl-new-f53-4766-a0fd-edc2, #state_update: 8, #records: 0, #valid_selfplay: 0, #valid_eval: 0
[2019-04-18 08:12:45.403] [[35;1m|++|[0mDataOnlineLoader-17 ] [info] last_identity: local-andrey-rl-new-f53-4766-a0fd-edc2, #msg: 384 #client: 0, Msg count: 2800, avg msg size: 0, failed count: 0
