Python version: 3.6.8 |Anaconda, Inc.| (default, Dec 30 2018, 01:22:34) 
[GCC 7.3.0]
PyTorch version: 0.4.1.post2
CUDA version 9.0.176
Conda env: 
[2019-05-22 15:11:32.500] [[31;1m|py|[0mrlpytorch.model_loader.load_env1  ] [info] Loading env
Traceback (most recent call last):
  File "./py/train.py", line 193, in <module>
    main()
  File "./py/train.py", line 52, in main
    env = load_env(os.environ, additional_to_load=additional_to_load)
  File "/home/ubuntu/arvi_46/elf/normal_elf/american_checkers/src_py/rlpytorch/model_loader.py", line 225, in load_env
    game_loader_class = load_module(envs["game"]).Loader
  File "/home/ubuntu/arvi_46/elf/normal_elf/american_checkers/src_py/rlpytorch/model_loader.py", line 24, in load_module
    module = importlib.import_module(mod)
  File "/home/ubuntu/miniconda3/lib/python3.6/importlib/__init__.py", line 126, in import_module
    return _bootstrap._gcd_import(name[level:], package, level)
  File "<frozen importlib._bootstrap>", line 994, in _gcd_import
  File "<frozen importlib._bootstrap>", line 971, in _find_and_load
  File "<frozen importlib._bootstrap>", line 941, in _find_and_load_unlocked
  File "<frozen importlib._bootstrap>", line 219, in _call_with_frames_removed
  File "<frozen importlib._bootstrap>", line 994, in _gcd_import
  File "<frozen importlib._bootstrap>", line 971, in _find_and_load
  File "<frozen importlib._bootstrap>", line 953, in _find_and_load_unlocked
ModuleNotFoundError: No module named 'elfgames.checkers'
